2025-03-20 22:52:36,332 [INFO] Activator:176 - 


2025-03-20 22:52:36,338 [INFO] Activator:177 - !SESSION log4j initialized
2025-03-20 22:52:42,657 [INFO] LogOutputStream:77 - [STDOUT_REDIRECT] 
2025-03-20 22:52:46,218 [INFO] ApplicationProperties:184 - Using Application install path: C:\ST\STM32CubeIDE_1.17.0\STM32CubeIDE\plugins\com.st.stm32cube.common.mx_6.13.0.202411220809
2025-03-20 22:52:46,256 [INFO] DbMcusXml:78 - Set database path to: C:\ST\STM32CubeIDE_1.17.0\STM32CubeIDE\plugins\com.st.stm32cube.common.mx_6.13.0.202411220809\\db\/mcu/
2025-03-20 22:52:46,256 [INFO] ApiDb:274 - Set plugin database path to: C:\ST\STM32CubeIDE_1.17.0\STM32CubeIDE\plugins\com.st.stm32cube.common.mx_6.13.0.202411220809\\db\/plugins/boardmanager/
2025-03-20 22:52:46,256 [WARN] ApiDb:259 - Overriding images path with different value:  => C:\ST\STM32CubeIDE_1.17.0\STM32CubeIDE\plugins\com.st.stm32cube.common.mx_6.13.0.202411220809\\db\/plugins/mcufinder/images/
2025-03-20 22:52:46,269 [INFO] ApiDb:250 - Set database path to: C:\Users\Pavan\.stmcufinder\plugins\mcufinder//mcu/
2025-03-20 22:52:46,272 [INFO] DbMcusAds:125 - Set database path to: C:\Users\Pavan\.stmcufinder\plugins\mcufinder//mcu/
2025-03-20 22:52:46,277 [INFO] CrossReferenceDbSqlite:203 - Set database path to: C:\Users\Pavan\.stmcufinder\plugins\mcufinder//mcu/cs/
2025-03-20 22:52:46,491 [INFO] RulesReader:64 - Compatibility file has been processed (297 Rules)
2025-03-20 22:52:46,621 [INFO] DbMcusXml:78 - Set database path to: C:\ST\STM32CubeIDE_1.17.0\STM32CubeIDE\plugins\com.st.stm32cube.common.mx_6.13.0.202411220809\\db\/mcu/
2025-03-20 22:52:46,622 [INFO] ApiDb:274 - Set plugin database path to: C:\ST\STM32CubeIDE_1.17.0\STM32CubeIDE\plugins\com.st.stm32cube.common.mx_6.13.0.202411220809\\db\/plugins/boardmanager/
2025-03-20 22:52:46,622 [INFO] ApiDb:261 - Set plugin images path to: C:\ST\STM32CubeIDE_1.17.0\STM32CubeIDE\plugins\com.st.stm32cube.common.mx_6.13.0.202411220809\\db\/plugins/mcufinder/images/
2025-03-20 22:52:46,622 [WARN] DbFile:41 - Overriding database path with different value: C:\Users\Pavan\.stmcufinder\plugins\mcufinder/ => C:\Users\Pavan\.stmcufinder\plugins\mcufinder
2025-03-20 22:52:46,622 [INFO] ApiDb:250 - Set database path to: C:\Users\Pavan\.stmcufinder\plugins\mcufinder//mcu/
2025-03-20 22:52:46,622 [WARN] DbFile:41 - Overriding database path with different value: C:\Users\Pavan\.stmcufinder\plugins\mcufinder/ => C:\Users\Pavan\.stmcufinder\plugins\mcufinder
2025-03-20 22:52:46,622 [INFO] DbMcusAds:125 - Set database path to: C:\Users\Pavan\.stmcufinder\plugins\mcufinder//mcu/
2025-03-20 22:52:46,623 [WARN] DbFile:41 - Overriding database path with different value: C:\Users\Pavan\.stmcufinder\plugins\mcufinder/ => C:\Users\Pavan\.stmcufinder\plugins\mcufinder
2025-03-20 22:52:46,623 [WARN] DbFile:41 - Overriding database path with different value: C:\Users\Pavan\.stmcufinder\plugins\mcufinder/ => C:\Users\Pavan\.stmcufinder\plugins\mcufinder
2025-03-20 22:52:46,623 [INFO] CrossReferenceDbSqlite:203 - Set database path to: C:\Users\Pavan\.stmcufinder\plugins\mcufinder//mcu/cs/
2025-03-20 22:52:46,699 [INFO] MainPanel:272 - HeapMemory: 303038464
2025-03-20 22:52:46,808 [INFO] DbMcusXml:78 - Set database path to: C:\ST\STM32CubeIDE_1.17.0\STM32CubeIDE\plugins\com.st.stm32cube.common.mx_6.13.0.202411220809\\db\/mcu/
2025-03-20 22:52:46,808 [INFO] ApiDb:274 - Set plugin database path to: C:\ST\STM32CubeIDE_1.17.0\STM32CubeIDE\plugins\com.st.stm32cube.common.mx_6.13.0.202411220809\\db\/plugins/boardmanager/
2025-03-20 22:52:46,808 [INFO] ApiDb:261 - Set plugin images path to: C:\ST\STM32CubeIDE_1.17.0\STM32CubeIDE\plugins\com.st.stm32cube.common.mx_6.13.0.202411220809\\db\/plugins/mcufinder/images/
2025-03-20 22:52:46,808 [WARN] DbFile:41 - Overriding database path with different value: C:\Users\Pavan\.stmcufinder\plugins\mcufinder/ => C:\Users\Pavan\.stmcufinder\plugins\mcufinder
2025-03-20 22:52:46,808 [INFO] ApiDb:250 - Set database path to: C:\Users\Pavan\.stmcufinder\plugins\mcufinder//mcu/
2025-03-20 22:52:46,808 [WARN] DbFile:41 - Overriding database path with different value: C:\Users\Pavan\.stmcufinder\plugins\mcufinder/ => C:\Users\Pavan\.stmcufinder\plugins\mcufinder
2025-03-20 22:52:46,808 [INFO] DbMcusAds:125 - Set database path to: C:\Users\Pavan\.stmcufinder\plugins\mcufinder//mcu/
2025-03-20 22:52:46,808 [WARN] DbFile:41 - Overriding database path with different value: C:\Users\Pavan\.stmcufinder\plugins\mcufinder/ => C:\Users\Pavan\.stmcufinder\plugins\mcufinder
2025-03-20 22:52:46,808 [WARN] DbFile:41 - Overriding database path with different value: C:\Users\Pavan\.stmcufinder\plugins\mcufinder/ => C:\Users\Pavan\.stmcufinder\plugins\mcufinder
2025-03-20 22:52:46,809 [INFO] CrossReferenceDbSqlite:203 - Set database path to: C:\Users\Pavan\.stmcufinder\plugins\mcufinder//mcu/cs/
2025-03-20 22:52:46,826 [INFO] ApplicationProperties:184 - Using Application install path: C:\ST\STM32CubeIDE_1.17.0\STM32CubeIDE\plugins\com.st.stm32cube.common.mx_6.13.0.202411220809
2025-03-20 22:52:46,828 [INFO] PluginManage:196 - Search for loadable plugins [exclusion list=, ]
2025-03-20 22:52:46,830 [INFO] PluginManage:310 - Check plugin analytics
2025-03-20 22:52:47,059 [INFO] AnalyticsPlugin:253 - Accepted Software Licenses: STM32CubeMX.6.13.0
2025-03-20 22:52:47,059 [INFO] AnalyticsPlugin:255 - Accepted CMSIS Pack Licenses: 
2025-03-20 22:52:47,059 [INFO] AnalyticsPlugin:257 - Accepted Firmware Licenses: FW.F4.1.28.0
2025-03-20 22:52:47,063 [INFO] PluginManage:359 - Loaded plugin analytics (category:tool,tabindex:-1)
2025-03-20 22:52:47,063 [INFO] PluginManage:310 - Check plugin cadmodel
2025-03-20 22:52:47,070 [INFO] CADModel:105 - Init CAD model plugin
2025-03-20 22:52:47,071 [INFO] PluginManage:359 - Loaded plugin cadmodel (category:power,tabindex:5)
2025-03-20 22:52:47,071 [INFO] PluginManage:310 - Check plugin clock
2025-03-20 22:52:47,082 [INFO] PluginManage:359 - Loaded plugin clock (category:base,tabindex:2)
2025-03-20 22:52:47,083 [INFO] PluginManage:310 - Check plugin ddr
2025-03-20 22:52:47,086 [INFO] PluginManage:359 - Loaded plugin ddr (category:tool,tabindex:6)
2025-03-20 22:52:47,087 [INFO] PluginManage:310 - Check plugin filemanager
2025-03-20 22:52:47,225 [INFO] PluginManage:359 - Loaded plugin filemanager (category:base,tabindex:10)
2025-03-20 22:52:47,226 [INFO] PluginManage:310 - Check plugin ipmanager
2025-03-20 22:52:47,233 [INFO] PluginManage:359 - Loaded plugin ipmanager (category:base,tabindex:5)
2025-03-20 22:52:47,234 [INFO] PluginManage:310 - Check plugin lpbam
2025-03-20 22:52:47,242 [INFO] PluginManage:359 - Loaded plugin lpbam (category:base,tabindex:0)
2025-03-20 22:52:47,242 [INFO] PluginManage:310 - Check plugin memorymap
2025-03-20 22:52:47,255 [INFO] PluginManage:359 - Loaded plugin memorymap (category:base,tabindex:4)
2025-03-20 22:52:47,255 [INFO] PluginManage:310 - Check plugin pinoutandconfiguration
2025-03-20 22:52:47,265 [INFO] PluginManage:359 - Loaded plugin pinoutandconfiguration (category:base,tabindex:1)
2025-03-20 22:52:47,265 [INFO] PluginManage:310 - Check plugin pinoutconfig
2025-03-20 22:52:47,350 [WARN] SupportedApi:132 - Cannot load RTOS API schema: s4s-elt-must-match.1: The content of 'definitions' must match (annotation?, (simpleType | complexType)?, (unique | key | keyref)*)). A problem was found starting at: attribute.
2025-03-20 22:52:47,535 [INFO] PluginManage:359 - Loaded plugin pinoutconfig (category:base,tabindex:0)
2025-03-20 22:52:47,535 [INFO] PluginManage:310 - Check plugin power
2025-03-20 22:52:47,547 [INFO] PluginManage:359 - Loaded plugin power (category:power,tabindex:4)
2025-03-20 22:52:47,547 [INFO] PluginManage:310 - Check plugin projectmanager
2025-03-20 22:52:47,571 [INFO] PluginManage:359 - Loaded plugin projectmanager (category:projectmanager,tabindex:4)
2025-03-20 22:52:47,571 [INFO] PluginManage:310 - Check plugin rif
2025-03-20 22:52:47,588 [INFO] PluginManage:359 - Loaded plugin rif (category:base,tabindex:3)
2025-03-20 22:52:47,588 [INFO] PluginManage:310 - Check plugin thirdparty
2025-03-20 22:52:47,724 [WARN] IntegrityCheckThread:84 - waiting for thirdparty lock release [integrity check]
2025-03-20 22:52:47,725 [INFO] PluginManage:359 - Loaded plugin thirdparty (category:base,tabindex:-1)
2025-03-20 22:52:47,725 [INFO] IntegrityCheckThread:86 - entering critical section [integrity check]
2025-03-20 22:52:47,725 [INFO] PluginManage:310 - Check plugin tools
2025-03-20 22:52:47,725 [INFO] ThirdPartyUpdaterWithRetryManager:70 - Updater plugin not ready yet. [1/15]
2025-03-20 22:52:47,728 [INFO] PluginManage:359 - Loaded plugin tools (category:base,tabindex:7)
2025-03-20 22:52:47,728 [INFO] PluginManage:310 - Check plugin tutovideos
2025-03-20 22:52:47,909 [INFO] PluginManage:359 - Loaded plugin tutovideos (category:base,tabindex:-1)
2025-03-20 22:52:47,909 [INFO] PluginManage:310 - Check plugin updater
2025-03-20 22:52:47,937 [INFO] PluginManage:359 - Loaded plugin updater (category:base,tabindex:12)
2025-03-20 22:52:47,937 [INFO] PluginManage:310 - Check plugin userauth
2025-03-20 22:52:47,941 [INFO] UserAuth:118 - Init User Auth plugin
2025-03-20 22:52:47,942 [INFO] PluginManage:359 - Loaded plugin userauth (category:base,tabindex:14)
2025-03-20 22:52:47,942 [INFO] PluginManage:283 - PluginManage : Loaded plugins [18]
2025-03-20 22:52:48,171 [INFO] PinOutPanel:1589 - setPackage(No Configuration,No Configuration)
2025-03-20 22:52:48,250 [INFO] CADModel:165 - CPN selected for project level
2025-03-20 22:52:48,250 [INFO] CADModel:114 - Register for checkConnection events
2025-03-20 22:52:48,272 [INFO] IPUIPlugin:80 - create IPUIPlugin
2025-03-20 22:52:48,272 [INFO] PluginManager:220 - loadIPPluginJar : add adc
2025-03-20 22:52:48,276 [INFO] IPUIPlugin:80 - create IPUIPlugin
2025-03-20 22:52:48,276 [INFO] PluginManager:220 - loadIPPluginJar : add aes
2025-03-20 22:52:48,281 [INFO] IPUIPlugin:80 - create IPUIPlugin
2025-03-20 22:52:48,281 [INFO] PluginManager:220 - loadIPPluginJar : add can
2025-03-20 22:52:48,285 [INFO] IPUIPlugin:80 - create IPUIPlugin
2025-03-20 22:52:48,285 [INFO] PluginManager:220 - loadIPPluginJar : add comp
2025-03-20 22:52:48,288 [INFO] IPUIPlugin:80 - create IPUIPlugin
2025-03-20 22:52:48,288 [INFO] PluginManager:220 - loadIPPluginJar : add cryp
2025-03-20 22:52:48,293 [INFO] IPUIPlugin:80 - create IPUIPlugin
2025-03-20 22:52:48,293 [INFO] PluginManager:220 - loadIPPluginJar : add ddr_ctrl_phy
2025-03-20 22:52:48,297 [INFO] IPUIPlugin:80 - create IPUIPlugin
2025-03-20 22:52:48,297 [INFO] PluginManager:220 - loadIPPluginJar : add dfsdm
2025-03-20 22:52:48,303 [INFO] IPUIPlugin:80 - create IPUIPlugin
2025-03-20 22:52:48,304 [INFO] PluginManager:220 - loadIPPluginJar : add dma
2025-03-20 22:52:48,307 [INFO] IPUIPlugin:80 - create IPUIPlugin
2025-03-20 22:52:48,307 [INFO] PluginManager:220 - loadIPPluginJar : add dma3
2025-03-20 22:52:48,310 [INFO] IPUIPlugin:80 - create IPUIPlugin
2025-03-20 22:52:48,311 [INFO] PluginManager:220 - loadIPPluginJar : add extmemmanager
2025-03-20 22:52:48,313 [INFO] IPUIPlugin:80 - create IPUIPlugin
2025-03-20 22:52:48,313 [INFO] PluginManager:220 - loadIPPluginJar : add fatfs
2025-03-20 22:52:48,317 [INFO] IPUIPlugin:80 - create IPUIPlugin
2025-03-20 22:52:48,318 [INFO] PluginManager:220 - loadIPPluginJar : add fmc
2025-03-20 22:52:48,324 [INFO] IPUIPlugin:80 - create IPUIPlugin
2025-03-20 22:52:48,324 [INFO] PluginManager:220 - loadIPPluginJar : add freertos
2025-03-20 22:52:48,326 [INFO] IPUIPlugin:80 - create IPUIPlugin
2025-03-20 22:52:48,326 [INFO] PluginManager:220 - loadIPPluginJar : add genericplugin
2025-03-20 22:52:48,328 [INFO] IPUIPlugin:80 - create IPUIPlugin
2025-03-20 22:52:48,330 [INFO] PluginManager:220 - loadIPPluginJar : add gfxmmu
2025-03-20 22:52:48,335 [INFO] IPUIPlugin:80 - create IPUIPlugin
2025-03-20 22:52:48,335 [INFO] PluginManager:220 - loadIPPluginJar : add gic
2025-03-20 22:52:48,339 [INFO] IPUIPlugin:80 - create IPUIPlugin
2025-03-20 22:52:48,339 [INFO] PluginManager:220 - loadIPPluginJar : add gpio
2025-03-20 22:52:48,342 [INFO] IPUIPlugin:80 - create IPUIPlugin
2025-03-20 22:52:48,343 [INFO] PluginManager:220 - loadIPPluginJar : add gtzc
2025-03-20 22:52:48,346 [INFO] IPUIPlugin:80 - create IPUIPlugin
2025-03-20 22:52:48,346 [INFO] PluginManager:220 - loadIPPluginJar : add hash
2025-03-20 22:52:48,350 [INFO] IPUIPlugin:80 - create IPUIPlugin
2025-03-20 22:52:48,350 [INFO] PluginManager:220 - loadIPPluginJar : add i2c
2025-03-20 22:52:48,354 [INFO] IPUIPlugin:80 - create IPUIPlugin
2025-03-20 22:52:48,354 [INFO] PluginManager:220 - loadIPPluginJar : add i2s
2025-03-20 22:52:48,359 [INFO] IPUIPlugin:80 - create IPUIPlugin
2025-03-20 22:52:48,359 [INFO] PluginManager:220 - loadIPPluginJar : add i3c
2025-03-20 22:52:48,362 [INFO] IPUIPlugin:80 - create IPUIPlugin
2025-03-20 22:52:48,363 [INFO] PluginManager:220 - loadIPPluginJar : add ipddr
2025-03-20 22:52:48,370 [INFO] IPUIPlugin:80 - create IPUIPlugin
2025-03-20 22:52:48,371 [INFO] PluginManager:220 - loadIPPluginJar : add linkedlist
2025-03-20 22:52:48,374 [INFO] IPUIPlugin:80 - create IPUIPlugin
2025-03-20 22:52:48,374 [INFO] PluginManager:220 - loadIPPluginJar : add lorawan
2025-03-20 22:52:48,375 [INFO] IPUIPlugin:80 - create IPUIPlugin
2025-03-20 22:52:48,376 [INFO] PluginManager:220 - loadIPPluginJar : add ltdc
2025-03-20 22:52:48,381 [INFO] IPUIPlugin:80 - create IPUIPlugin
2025-03-20 22:52:48,381 [INFO] PluginManager:220 - loadIPPluginJar : add mdma
2025-03-20 22:52:48,384 [INFO] IPUIPlugin:80 - create IPUIPlugin
2025-03-20 22:52:48,384 [INFO] PluginManager:220 - loadIPPluginJar : add nvic
2025-03-20 22:52:48,388 [INFO] IPUIPlugin:80 - create IPUIPlugin
2025-03-20 22:52:48,388 [INFO] PluginManager:220 - loadIPPluginJar : add opamp
2025-03-20 22:52:48,392 [INFO] IPUIPlugin:80 - create IPUIPlugin
2025-03-20 22:52:48,392 [INFO] PluginManager:220 - loadIPPluginJar : add openamp
2025-03-20 22:52:48,395 [INFO] IPUIPlugin:80 - create IPUIPlugin
2025-03-20 22:52:48,395 [INFO] PluginManager:220 - loadIPPluginJar : add pdm2pcm
2025-03-20 22:52:48,400 [INFO] IPUIPlugin:80 - create IPUIPlugin
2025-03-20 22:52:48,402 [INFO] PluginManager:220 - loadIPPluginJar : add plateformsettings
2025-03-20 22:52:48,404 [INFO] IPUIPlugin:80 - create IPUIPlugin
2025-03-20 22:52:48,404 [INFO] PluginManager:220 - loadIPPluginJar : add quadspi
2025-03-20 22:52:48,406 [INFO] IPUIPlugin:80 - create IPUIPlugin
2025-03-20 22:52:48,407 [INFO] PluginManager:220 - loadIPPluginJar : add radio
2025-03-20 22:52:48,410 [INFO] IPUIPlugin:80 - create IPUIPlugin
2025-03-20 22:52:48,412 [INFO] PluginManager:220 - loadIPPluginJar : add resmgrutility
2025-03-20 22:52:48,415 [INFO] IPUIPlugin:80 - create IPUIPlugin
2025-03-20 22:52:48,415 [INFO] PluginManager:220 - loadIPPluginJar : add sai
2025-03-20 22:52:48,418 [INFO] IPUIPlugin:80 - create IPUIPlugin
2025-03-20 22:52:48,418 [INFO] PluginManager:220 - loadIPPluginJar : add spi
2025-03-20 22:52:48,423 [INFO] IPUIPlugin:80 - create IPUIPlugin
2025-03-20 22:52:48,423 [INFO] PluginManager:220 - loadIPPluginJar : add stm32_wpan
2025-03-20 22:52:48,426 [INFO] IPUIPlugin:80 - create IPUIPlugin
2025-03-20 22:52:48,426 [INFO] PluginManager:220 - loadIPPluginJar : add tim
2025-03-20 22:52:48,429 [INFO] IPUIPlugin:80 - create IPUIPlugin
2025-03-20 22:52:48,429 [INFO] PluginManager:220 - loadIPPluginJar : add touchsensing
2025-03-20 22:52:48,431 [INFO] IPUIPlugin:80 - create IPUIPlugin
2025-03-20 22:52:48,431 [INFO] PluginManager:220 - loadIPPluginJar : add tracer_emb
2025-03-20 22:52:48,433 [INFO] IPUIPlugin:80 - create IPUIPlugin
2025-03-20 22:52:48,434 [INFO] PluginManager:220 - loadIPPluginJar : add ts
2025-03-20 22:52:48,435 [INFO] IPUIPlugin:80 - create IPUIPlugin
2025-03-20 22:52:48,436 [INFO] PluginManager:220 - loadIPPluginJar : add tsc
2025-03-20 22:52:48,438 [INFO] IPUIPlugin:80 - create IPUIPlugin
2025-03-20 22:52:48,438 [INFO] PluginManager:220 - loadIPPluginJar : add ucpd
2025-03-20 22:52:48,440 [INFO] IPUIPlugin:80 - create IPUIPlugin
2025-03-20 22:52:48,441 [INFO] PluginManager:220 - loadIPPluginJar : add usart
2025-03-20 22:52:48,443 [INFO] IPUIPlugin:80 - create IPUIPlugin
2025-03-20 22:52:48,443 [INFO] PluginManager:220 - loadIPPluginJar : add usbx
2025-03-20 22:52:48,565 [FATAL] Updater:351 - Updater called before beeing initialized
2025-03-20 22:52:48,607 [INFO] RulesReader:64 - Compatibility file has been processed (297 Rules)
2025-03-20 22:52:48,618 [INFO] RulesReader:64 - Compatibility file has been processed (297 Rules)
2025-03-20 22:52:48,630 [INFO] CADModel:165 - CPN selected for project level
2025-03-20 22:52:48,630 [INFO] CADModel:114 - Register for checkConnection events
2025-03-20 22:52:48,630 [FATAL] Updater:351 - Updater called before beeing initialized
2025-03-20 22:52:48,630 [ERROR] CADModel:125 - Updater not yet initialized, retry later 
2025-03-20 22:52:48,776 [FATAL] Updater:351 - Updater called before beeing initialized
2025-03-20 22:52:48,777 [INFO] CADModel:165 - CPN selected for project level
2025-03-20 22:52:48,778 [INFO] CADModel:114 - Register for checkConnection events
2025-03-20 22:52:48,778 [FATAL] Updater:351 - Updater called before beeing initialized
2025-03-20 22:52:48,778 [ERROR] CADModel:125 - Updater not yet initialized, retry later 
2025-03-20 22:52:48,781 [FATAL] Updater:351 - Updater called before beeing initialized
2025-03-20 22:52:48,878 [FATAL] Updater:351 - Updater called before beeing initialized
2025-03-20 22:52:48,881 [INFO] DbMcusAds:53 - JSON generation date=Tue Dec 17 21:31:15 IST 2024 (1734451275111)
2025-03-20 22:52:48,882 [FATAL] Updater:351 - Updater called before beeing initialized
2025-03-20 22:52:48,924 [WARN] DetailPanel:346 - Failed to get advertising image, set to default
2025-03-20 22:52:49,135 [FATAL] Updater:351 - Updater called before beeing initialized
2025-03-20 22:52:49,137 [FATAL] Updater:351 - Updater called before beeing initialized
2025-03-20 22:52:49,137 [FATAL] Updater:351 - Updater called before beeing initialized
2025-03-20 22:52:49,138 [WARN] DetailPanel:346 - Failed to get advertising image, set to default
2025-03-20 22:52:49,140 [FATAL] Updater:351 - Updater called before beeing initialized
2025-03-20 22:52:49,188 [ERROR] Updater:1198 - MainUpdater not yet initialized. External WinMGr cannot be set.
2025-03-20 22:52:49,190 [INFO] Updater:1134 - Updater Version found : 6.13.0
2025-03-20 22:52:49,207 [INFO] ApplicationProperties:184 - Using Application install path: C:\ST\STM32CubeIDE_1.17.0\STM32CubeIDE\plugins\com.st.stm32cube.common.mx_6.13.0.202411220809
2025-03-20 22:52:50,737 [INFO] ThirdPartyUpdaterWithRetryManager:70 - Updater plugin not ready yet. [2/15]
2025-03-20 22:52:50,786 [ERROR] LogOutputStream:75 - [STDERR_REDIRECT] Mar 20, 2025 10:52:50 PM java.util.prefs.WindowsPreferences <init>
2025-03-20 22:52:50,791 [ERROR] LogOutputStream:75 - [STDERR_REDIRECT] WARNING: Could not open/create prefs root node Software\JavaSoft\Prefs at root 0xffffffff80000002. Windows RegCreateKeyEx(...) returned error code 5.
2025-03-20 22:52:50,791 [ERROR] LogOutputStream:75 - [STDERR_REDIRECT] 
2025-03-20 22:52:52,044 [INFO] MainUpdater:2872 - connection check result : 10
2025-03-20 22:52:52,046 [INFO] MainUpdater:3566 - Updater definition file requires update
2025-03-20 22:52:52,050 [INFO] MainUpdater:289 - Updater Check For Update Now.
2025-03-20 22:52:52,050 [INFO] MicroXplorer:498 - Change Database Version : DB.6.0.130
2025-03-20 22:52:52,071 [INFO] McuFinderGlobals:63 - Set McuFinder mode to 2 (CubeIDE integrated)
2025-03-20 22:52:52,073 [INFO] UserAuth:171 - activating auth plugin
2025-03-20 22:52:52,080 [INFO] UserAuth:486 - Internet connection configuration mode: 1
2025-03-20 22:52:52,089 [INFO] ServerAccessManage:473 - Download File updaters.zip
2025-03-20 22:52:52,166 [INFO] JxBrowserEngine:152 - Initiate JxBrowser Engine with user profile folder
2025-03-20 22:52:52,321 [INFO] FileExtend:240 - Unzip File : updaters.zip
2025-03-20 22:52:52,322 [INFO] FileExtend:255 - Standard Zip Deflate
2025-03-20 22:52:53,664 [INFO] ServerAccessManage:473 - Download File PacksControlFlags.xml
2025-03-20 22:52:53,741 [WARN] MainUpdater:1193 - Updater busy. Cannot search thirdparties
2025-03-20 22:52:53,741 [INFO] ThirdPartyUpdaterWithRetryManager:96 - Updater plugin is busy. [1/15]
2025-03-20 22:52:53,866 [INFO] ServerAccessManage:473 - Download File cubemx.pidx
2025-03-20 22:52:54,556 [INFO] ServerAccessManage:473 - Download File STMicroelectronics.FP-ATR-ASTRA1.pdsc
2025-03-20 22:52:54,848 [INFO] WebApp:168 - Instantiating new browser for Auth
2025-03-20 22:52:55,570 [INFO] ServerAccessManage:473 - Download File STMicroelectronics.FP-SNS-FLIGHT1.pdsc
2025-03-20 22:52:56,747 [WARN] MainUpdater:1193 - Updater busy. Cannot search thirdparties
2025-03-20 22:52:56,748 [INFO] ThirdPartyUpdaterWithRetryManager:96 - Updater plugin is busy. [2/15]
2025-03-20 22:52:56,855 [INFO] ServerAccessManage:473 - Download File STMicroelectronics.X-CUBE-BLE1.pdsc
2025-03-20 22:52:57,635 [INFO] WebApp:449 - Apply proxy settings
2025-03-20 22:52:57,636 [INFO] WebApp:534 - Chromium requires no authentication
2025-03-20 22:52:57,664 [INFO] WebApp:477 - Direct internet connection detected
2025-03-20 22:52:57,723 [INFO] WebApp:880 - Register for checkConnection events
2025-03-20 22:52:57,723 [INFO] WebApp:449 - Apply proxy settings
2025-03-20 22:52:57,724 [INFO] WebApp:534 - Chromium requires no authentication
2025-03-20 22:52:57,725 [INFO] WebApp:477 - Direct internet connection detected
2025-03-20 22:52:58,088 [INFO] WebApp:187 - Connection restablished
2025-03-20 22:52:58,205 [INFO] WebApp:221 - Starting web application
2025-03-20 22:52:58,206 [INFO] WebApp:579 - Web application path used C:\ST\STM32CubeIDE_1.17.0\STM32CubeIDE\plugins\com.st.stm32cube.common.mx_6.13.0.202411220809\db\plugins\mcufinder\reactClient1\index.html
2025-03-20 22:52:59,373 [ERROR] ServerAccessManage:1089 - Problem, file not found on Server
2025-03-20 22:52:59,765 [WARN] MainUpdater:1193 - Updater busy. Cannot search thirdparties
2025-03-20 22:52:59,766 [INFO] ThirdPartyUpdaterWithRetryManager:96 - Updater plugin is busy. [3/15]
2025-03-20 22:53:00,919 [INFO] ServerAccessManage:473 - Download File STMicroelectronics.X-CUBE-TOUCHGFX.pdsc
2025-03-20 22:53:02,780 [WARN] MainUpdater:1193 - Updater busy. Cannot search thirdparties
2025-03-20 22:53:02,780 [INFO] ThirdPartyUpdaterWithRetryManager:96 - Updater plugin is busy. [4/15]
2025-03-20 22:53:03,514 [INFO] ServerAccessManage:473 - Download File STMicroelectronics.X-CUBE-ALGOBUILD.pdsc
2025-03-20 22:53:04,164 [INFO] ServerAccessManage:473 - Download File STMicroelectronics.X-CUBE-AZRTOS-H7.pdsc
2025-03-20 22:53:05,093 [INFO] ServerAccessManage:473 - Download File STMicroelectronics.X-CUBE-AZRTOS-H7RS.pdsc
2025-03-20 22:53:05,526 [INFO] ServerAccessManage:473 - Download File STMicroelectronics.X-CUBE-AZRTOS-F4.pdsc
2025-03-20 22:53:05,795 [WARN] MainUpdater:1193 - Updater busy. Cannot search thirdparties
2025-03-20 22:53:05,796 [INFO] ThirdPartyUpdaterWithRetryManager:96 - Updater plugin is busy. [5/15]
2025-03-20 22:53:06,134 [INFO] ServerAccessManage:473 - Download File STMicroelectronics.X-CUBE-AZRTOS-F7.pdsc
2025-03-20 22:53:06,419 [INFO] ServerAccessManage:473 - Download File STMicroelectronics.X-CUBE-AZRTOS-L4.pdsc
2025-03-20 22:53:06,677 [INFO] ServerAccessManage:473 - Download File STMicroelectronics.X-CUBE-AZRTOS-L5.pdsc
2025-03-20 22:53:07,060 [INFO] ServerAccessManage:473 - Download File STMicroelectronics.X-CUBE-AZRTOS-G0.pdsc
2025-03-20 22:53:07,380 [INFO] ServerAccessManage:473 - Download File STMicroelectronics.X-CUBE-AZRTOS-G4.pdsc
2025-03-20 22:53:07,689 [INFO] ServerAccessManage:473 - Download File STMicroelectronics.X-CUBE-AZRTOS-WB.pdsc
2025-03-20 22:53:07,968 [INFO] ServerAccessManage:473 - Download File STMicroelectronics.X-CUBE-AZRTOS-WL.pdsc
2025-03-20 22:53:08,435 [INFO] ServerAccessManage:473 - Download File STMicroelectronics.X-CUBE-WB05N.pdsc
2025-03-20 22:53:08,812 [WARN] MainUpdater:1193 - Updater busy. Cannot search thirdparties
2025-03-20 22:53:08,813 [INFO] ThirdPartyUpdaterWithRetryManager:96 - Updater plugin is busy. [6/15]
2025-03-20 22:53:09,659 [INFO] ServerAccessManage:473 - Download File wolfSSL.I-CUBE-wolfSSL.pdsc
2025-03-20 22:53:11,824 [WARN] MainUpdater:1193 - Updater busy. Cannot search thirdparties
2025-03-20 22:53:11,825 [INFO] ThirdPartyUpdaterWithRetryManager:96 - Updater plugin is busy. [7/15]
2025-03-20 22:53:14,836 [WARN] MainUpdater:1193 - Updater busy. Cannot search thirdparties
2025-03-20 22:53:14,837 [INFO] ThirdPartyUpdaterWithRetryManager:96 - Updater plugin is busy. [8/15]
2025-03-20 22:53:17,133 [ERROR] ServerAccessManage:1089 - Problem, file not found on Server
2025-03-20 22:53:17,842 [WARN] MainUpdater:1193 - Updater busy. Cannot search thirdparties
2025-03-20 22:53:17,847 [INFO] ThirdPartyUpdaterWithRetryManager:96 - Updater plugin is busy. [9/15]
2025-03-20 22:53:18,689 [ERROR] ServerAccessManage:1089 - Problem, file not found on Server
2025-03-20 22:53:19,234 [ERROR] ServerAccessManage:1089 - Problem, file not found on Server
2025-03-20 22:53:19,487 [INFO] ServerAccessManage:473 - Download File wolfSSL.I-CUBE-wolfMQTT.pdsc
2025-03-20 22:53:24,016 [WARN] MainUpdater:1193 - Updater busy. Cannot search thirdparties
2025-03-20 22:53:24,017 [INFO] ThirdPartyUpdaterWithRetryManager:96 - Updater plugin is busy. [10/15]
2025-03-20 22:53:27,023 [WARN] MainUpdater:1193 - Updater busy. Cannot search thirdparties
2025-03-20 22:53:27,023 [INFO] ThirdPartyUpdaterWithRetryManager:96 - Updater plugin is busy. [11/15]
2025-03-20 22:53:29,998 [ERROR] ServerAccessManage:1089 - Problem, file not found on Server
2025-03-20 22:53:30,025 [WARN] MainUpdater:1193 - Updater busy. Cannot search thirdparties
2025-03-20 22:53:30,025 [INFO] ThirdPartyUpdaterWithRetryManager:96 - Updater plugin is busy. [12/15]
2025-03-20 22:53:30,261 [INFO] ServerAccessManage:473 - Download File wolfSSL.I-CUBE-wolfTPM.pdsc
2025-03-20 22:53:32,559 [INFO] ServerAccessManage:473 - Download File wolfSSL.I-CUBE-wolfSSH.pdsc
2025-03-20 22:53:33,028 [WARN] MainUpdater:1193 - Updater busy. Cannot search thirdparties
2025-03-20 22:53:33,029 [INFO] ThirdPartyUpdaterWithRetryManager:96 - Updater plugin is busy. [13/15]
2025-03-20 22:53:36,037 [WARN] MainUpdater:1193 - Updater busy. Cannot search thirdparties
2025-03-20 22:53:36,038 [INFO] ThirdPartyUpdaterWithRetryManager:96 - Updater plugin is busy. [14/15]
2025-03-20 22:53:36,133 [INFO] ServerAccessManage:473 - Download File RealThread.X-CUBE-RT-Thread_Nano.pdsc
2025-03-20 22:53:36,957 [INFO] ServerAccessManage:473 - Download File SEGGER.I-CUBE-embOS.pdsc
2025-03-20 22:53:39,047 [WARN] MainUpdater:1193 - Updater busy. Cannot search thirdparties
2025-03-20 22:53:39,047 [INFO] ThirdPartyUpdaterWithRetryManager:96 - Updater plugin is busy. [15/15]
2025-03-20 22:53:39,048 [ERROR] IntegrityCheckThread:130 - Cannot retrieve database content from updater: error -1
2025-03-20 22:53:39,048 [INFO] ThirdParty:978 - Integrity check success = false
2025-03-20 22:53:39,049 [INFO] IntegrityCheckThread:100 - exiting critical section [integrity check]
2025-03-20 22:53:39,049 [INFO] IntegrityCheckThread:103 - End integrity checks thread
2025-03-20 22:53:39,324 [INFO] ServerAccessManage:473 - Download File portGmbH.I-Cube-SoM-uGOAL.pdsc
2025-03-20 22:53:40,773 [ERROR] ServerAccessManage:1089 - Problem, file not found on Server
2025-03-20 22:53:40,914 [ERROR] ServerAccessManage:1089 - Problem, file not found on Server
2025-03-20 22:53:41,060 [ERROR] ServerAccessManage:1089 - Problem, file not found on Server
2025-03-20 22:53:41,906 [INFO] ServerAccessManage:473 - Download File emotas.I-CUBE-CANOPEN.pdsc
2025-03-20 22:53:43,864 [INFO] ServerAccessManage:473 - Download File WES.I-CUBE-Cesium.pdsc
2025-03-20 22:53:44,842 [ERROR] ServerAccessManage:1089 - Problem, file not found on Server
2025-03-20 22:53:45,231 [ERROR] ServerAccessManage:1089 - Problem, file not found on Server
2025-03-20 22:53:46,364 [INFO] ServerAccessManage:473 - Download File ITTIA_DB.I-CUBE-ITTIADB.pdsc
2025-03-20 22:53:56,645 [INFO] ServerAccessManage:473 - Download File Infineon.AIROC-Wi-Fi-Bluetooth-STM32.pdsc
2025-03-20 22:54:09,503 [INFO] ServerAccessManage:473 - Download File Cesanta.I-CUBE-Mongoose.pdsc
2025-03-20 22:54:37,037 [INFO] ServerAccessManage:473 - Download File EmbeddedOffice.I-CUBE-FS-RTOS.pdsc
2025-03-20 22:54:41,379 [INFO] ServerAccessManage:473 - Download File quantropi.X-CUBE-qispace-sdk-base.pdsc
2025-03-20 22:54:43,395 [WARN] PackLoader:240 - Cannot read IP mode file for STMicroelectronics.FP-ATR-ASTRA1.2.0.2
2025-03-20 22:54:43,582 [WARN] PackLoader:240 - Cannot read IP mode file for STMicroelectronics.FP-SNS-FLIGHT1.5.1.0
2025-03-20 22:54:43,778 [WARN] PackLoader:240 - Cannot read IP mode file for STMicroelectronics.X-CUBE-BLE1.7.1.0
2025-03-20 22:54:43,809 [WARN] PackLoader:240 - Cannot read IP mode file for STMicroelectronics.X-CUBE-TOUCHGFX.4.25.0
2025-03-20 22:54:43,863 [WARN] PackLoader:240 - Cannot read IP mode file for STMicroelectronics.X-CUBE-ALGOBUILD.1.4.0
2025-03-20 22:54:43,957 [INFO] CheckServerUpdateThread:120 - End of CheckServer Thread
2025-03-20 22:54:43,975 [WARN] PackLoader:240 - Cannot read IP mode file for STMicroelectronics.X-CUBE-AZRTOS-H7.3.3.0
2025-03-20 22:54:44,062 [WARN] PackLoader:240 - Cannot read IP mode file for STMicroelectronics.X-CUBE-AZRTOS-H7RS.1.1.0
2025-03-20 22:54:44,122 [WARN] PackLoader:240 - Cannot read IP mode file for STMicroelectronics.X-CUBE-AZRTOS-F4.1.1.0
2025-03-20 22:54:44,186 [WARN] PackLoader:240 - Cannot read IP mode file for STMicroelectronics.X-CUBE-AZRTOS-F7.1.1.0
2025-03-20 22:54:44,236 [WARN] ConditionMgr:438 - getConditionDescription Invalid condition id : LAN8742 Phy interface Condition cause : null
2025-03-20 22:54:44,237 [WARN] PackLoader:240 - Cannot read IP mode file for STMicroelectronics.X-CUBE-AZRTOS-L4.2.0.0
2025-03-20 22:54:44,241 [WARN] ConditionMgr:1044 - genDependencies : Invalid condition id : LAN8742 Phy interface Condition cause : null
2025-03-20 22:54:44,242 [WARN] ConditionMgr:1044 - genDependencies : Invalid condition id : LAN8742 Phy interface Condition cause : null
2025-03-20 22:54:44,243 [WARN] ConditionMgr:1044 - genDependencies : Invalid condition id : LAN8742 Phy interface Condition cause : null
2025-03-20 22:54:44,294 [WARN] PackLoader:240 - Cannot read IP mode file for STMicroelectronics.X-CUBE-AZRTOS-L5.2.0.0
2025-03-20 22:54:44,329 [WARN] PackLoader:240 - Cannot read IP mode file for STMicroelectronics.X-CUBE-AZRTOS-G0.1.1.0
2025-03-20 22:54:44,372 [WARN] PackLoader:240 - Cannot read IP mode file for STMicroelectronics.X-CUBE-AZRTOS-G4.2.0.0
2025-03-20 22:54:44,403 [WARN] ConditionMgr:438 - getConditionDescription Invalid condition id : UX DEVICE CLASS RTOS Condition cause : null
2025-03-20 22:54:44,403 [WARN] ConditionMgr:438 - getConditionDescription Invalid condition id : UX DEVICE CLASS RTOS Condition cause : null
2025-03-20 22:54:44,408 [WARN] PackLoader:240 - Cannot read IP mode file for STMicroelectronics.X-CUBE-AZRTOS-WB.2.0.0
2025-03-20 22:54:44,410 [WARN] ConditionMgr:1044 - genDependencies : Invalid condition id : UX DEVICE CLASS RTOS Condition cause : null
2025-03-20 22:54:44,410 [WARN] ConditionMgr:1044 - genDependencies : Invalid condition id : UX DEVICE CLASS RTOS Condition cause : null
2025-03-20 22:54:44,411 [WARN] ConditionMgr:1044 - genDependencies : Invalid condition id : UX DEVICE CLASS RTOS Condition cause : null
2025-03-20 22:54:44,411 [WARN] ConditionMgr:1044 - genDependencies : Invalid condition id : UX DEVICE CLASS RTOS Condition cause : null
2025-03-20 22:54:44,411 [WARN] ConditionMgr:1044 - genDependencies : Invalid condition id : UX DEVICE CLASS RTOS Condition cause : null
2025-03-20 22:54:44,433 [INFO] LogOutputStream:77 - [STDOUT_REDIRECT] 1 : Invalid condition id : UX_CORESTACK_Condition cause : null
2025-03-20 22:54:44,434 [INFO] LogOutputStream:77 - [STDOUT_REDIRECT] 1 : Invalid condition id : UX_CORESTACK_Condition cause : null
2025-03-20 22:54:44,441 [INFO] LogOutputStream:77 - [STDOUT_REDIRECT] 1 : Invalid condition id : UX_CORESTACK_Condition cause : null
2025-03-20 22:54:44,451 [INFO] LogOutputStream:77 - [STDOUT_REDIRECT] 1 : Invalid condition id : UX_CORESTACK_Condition cause : null
2025-03-20 22:54:44,456 [INFO] LogOutputStream:77 - [STDOUT_REDIRECT] 1 : Invalid condition id : UX_CORESTACK_Condition cause : null
2025-03-20 22:54:44,465 [WARN] PackLoader:240 - Cannot read IP mode file for STMicroelectronics.X-CUBE-AZRTOS-WL.2.0.0
2025-03-20 22:54:44,485 [WARN] PackLoader:240 - Cannot read IP mode file for STMicroelectronics.X-CUBE-WB05N.1.1.0
2025-03-20 22:54:44,507 [WARN] PackLoader:240 - Cannot read IP mode file for wolfSSL.I-CUBE-wolfSSL.5.7.6
2025-03-20 22:54:44,529 [WARN] PackLoader:240 - Cannot read IP mode file for wolfSSL.I-CUBE-wolfMQTT.1.19.2
2025-03-20 22:54:44,539 [WARN] PackLoader:240 - Cannot read IP mode file for wolfSSL.I-CUBE-wolfTPM.3.8.0
2025-03-20 22:54:44,549 [WARN] PackLoader:240 - Cannot read IP mode file for wolfSSL.I-CUBE-wolfSSH.1.4.20
2025-03-20 22:54:44,566 [WARN] PackLoader:240 - Cannot read IP mode file for RealThread.X-CUBE-RT-Thread_Nano.4.1.1
2025-03-20 22:54:44,642 [WARN] PackLoader:240 - Cannot read IP mode file for SEGGER.I-CUBE-embOS.1.3.1
2025-03-20 22:54:44,811 [WARN] PackLoader:240 - Cannot read IP mode file for portGmbH.I-Cube-SoM-uGOAL.1.1.0
2025-03-20 22:54:44,840 [WARN] PackLoader:240 - Cannot read IP mode file for emotas.I-CUBE-CANOPEN.1.3.0
2025-03-20 22:54:44,903 [WARN] PackLoader:240 - Cannot read IP mode file for WES.I-CUBE-Cesium.1.3.0
2025-03-20 22:54:44,927 [WARN] PackLoader:240 - Cannot read IP mode file for ITTIA_DB.I-CUBE-ITTIADB.8.9.0
2025-03-20 22:54:45,015 [WARN] PackLoader:240 - Cannot read IP mode file for Infineon.AIROC-Wi-Fi-Bluetooth-STM32.1.7.0
2025-03-20 22:54:45,094 [WARN] PackLoader:240 - Cannot read IP mode file for Cesanta.I-CUBE-Mongoose.7.13.0
2025-03-20 22:54:45,117 [WARN] PackLoader:240 - Cannot read IP mode file for EmbeddedOffice.I-CUBE-FS-RTOS.1.0.1
2025-03-20 22:54:45,134 [WARN] ConditionMgr:438 - getConditionDescription Invalid condition id : Cortex-A Device cause : null
2025-03-20 22:54:45,182 [WARN] ConditionMgr:1044 - genDependencies : Invalid condition id : Cortex-A Device cause : null
2025-03-20 22:54:45,182 [WARN] ConditionMgr:1044 - genDependencies : Invalid condition id : Cortex-A Device cause : null
2025-03-20 22:54:45,182 [WARN] ConditionMgr:1044 - genDependencies : Invalid condition id : Cortex-A Device cause : null
2025-03-20 22:54:45,183 [INFO] PopulateThirdPartyThread:66 - Ending populate Thread
2025-03-20 22:54:45,190 [INFO] ThirdParty:1030 - CMSIS Pack Vendor :wolfSSL I-CUBE-wolfTPM 3.8.0
2025-03-20 22:54:45,190 [INFO] ThirdParty:1030 - CMSIS Pack Vendor :STMicroelectronics X-CUBE-AZRTOS-H7 3.3.0
2025-03-20 22:54:45,190 [INFO] ThirdParty:1030 - CMSIS Pack Vendor :wolfSSL I-CUBE-wolfSSH 1.4.20
2025-03-20 22:54:45,191 [INFO] ThirdParty:1030 - CMSIS Pack Vendor :RealThread X-CUBE-RT-Thread_Nano 4.1.1
2025-03-20 22:54:45,191 [INFO] ThirdParty:1030 - CMSIS Pack Vendor :STMicroelectronics X-CUBE-AZRTOS-F4 1.1.0
2025-03-20 22:54:45,191 [INFO] ThirdParty:1030 - CMSIS Pack Vendor :STMicroelectronics FP-ATR-ASTRA1 2.0.2
2025-03-20 22:54:45,192 [INFO] ThirdParty:1030 - CMSIS Pack Vendor :STMicroelectronics X-CUBE-BLE1 7.1.0
2025-03-20 22:54:45,192 [INFO] ThirdParty:1030 - CMSIS Pack Vendor :STMicroelectronics X-CUBE-WB05N 1.1.0
2025-03-20 22:54:45,192 [INFO] ThirdParty:1030 - CMSIS Pack Vendor :wolfSSL I-CUBE-wolfMQTT 1.19.2
2025-03-20 22:54:45,193 [INFO] ThirdParty:1030 - CMSIS Pack Vendor :STMicroelectronics X-CUBE-AZRTOS-WB 2.0.0
2025-03-20 22:54:45,193 [INFO] ThirdParty:1030 - CMSIS Pack Vendor :emotas I-CUBE-CANOPEN 1.3.0
2025-03-20 22:54:45,193 [INFO] ThirdParty:1030 - CMSIS Pack Vendor :wolfSSL I-CUBE-wolfSSL 5.7.6
2025-03-20 22:54:45,194 [INFO] ThirdParty:1030 - CMSIS Pack Vendor :ITTIA_DB I-CUBE-ITTIADB 8.9.0
2025-03-20 22:54:45,194 [INFO] ThirdParty:1030 - CMSIS Pack Vendor :STMicroelectronics X-CUBE-TOUCHGFX 4.25.0
2025-03-20 22:54:45,194 [INFO] ThirdParty:1030 - CMSIS Pack Vendor :STMicroelectronics X-CUBE-AZRTOS-F7 1.1.0
2025-03-20 22:54:45,194 [INFO] ThirdParty:1030 - CMSIS Pack Vendor :STMicroelectronics X-CUBE-AZRTOS-L5 2.0.0
2025-03-20 22:54:45,194 [INFO] ThirdParty:1030 - CMSIS Pack Vendor :portGmbH I-Cube-SoM-uGOAL 1.1.0
2025-03-20 22:54:45,194 [INFO] ThirdParty:1030 - CMSIS Pack Vendor :quantropi X-CUBE-qispace-sdk-base 2.0.0
2025-03-20 22:54:45,196 [INFO] ThirdParty:1030 - CMSIS Pack Vendor :STMicroelectronics FP-SNS-FLIGHT1 5.1.0
2025-03-20 22:54:45,196 [INFO] ThirdParty:1030 - CMSIS Pack Vendor :STMicroelectronics X-CUBE-AZRTOS-WL 2.0.0
2025-03-20 22:54:45,196 [INFO] ThirdParty:1030 - CMSIS Pack Vendor :SEGGER I-CUBE-embOS 1.3.1
2025-03-20 22:54:45,196 [INFO] ThirdParty:1030 - CMSIS Pack Vendor :STMicroelectronics X-CUBE-ALGOBUILD 1.4.0
2025-03-20 22:54:45,199 [INFO] ThirdParty:1030 - CMSIS Pack Vendor :STMicroelectronics X-CUBE-AZRTOS-G0 1.1.0
2025-03-20 22:54:45,200 [INFO] ThirdParty:1030 - CMSIS Pack Vendor :STMicroelectronics X-CUBE-AZRTOS-H7RS 1.1.0
2025-03-20 22:54:45,200 [INFO] ThirdParty:1030 - CMSIS Pack Vendor :STMicroelectronics X-CUBE-AZRTOS-L4 2.0.0
2025-03-20 22:54:45,200 [INFO] ThirdParty:1030 - CMSIS Pack Vendor :WES I-CUBE-Cesium 1.3.0
2025-03-20 22:54:45,200 [INFO] ThirdParty:1030 - CMSIS Pack Vendor :EmbeddedOffice I-CUBE-FS-RTOS 1.0.1
2025-03-20 22:54:45,200 [INFO] ThirdParty:1030 - CMSIS Pack Vendor :Cesanta I-CUBE-Mongoose 7.13.0
2025-03-20 22:54:45,201 [INFO] ThirdParty:1030 - CMSIS Pack Vendor :Infineon AIROC-Wi-Fi-Bluetooth-STM32 1.7.0
2025-03-20 22:54:45,205 [INFO] ThirdParty:1030 - CMSIS Pack Vendor :STMicroelectronics X-CUBE-AZRTOS-G4 2.0.0
2025-03-20 22:54:45,209 [INFO] LoadServerUpdatesThread:375 - End of LoadServerUpdate Thread
2025-03-20 23:04:32,315 [INFO] WebApp:190 - Connection lost
2025-03-20 23:04:33,120 [INFO] WebApp:187 - Connection restablished
2025-03-20 23:31:54,830 [INFO] WebApp:190 - Connection lost
2025-03-20 23:31:55,196 [INFO] WebApp:187 - Connection restablished
2025-03-20 23:31:58,799 [INFO] WebApp:190 - Connection lost
2025-03-20 23:31:59,046 [INFO] WebApp:187 - Connection restablished
2025-03-20 23:41:28,677 [ERROR] LogOutputStream:75 - [STDERR_REDIRECT] 
2025-03-20 23:41:55,691 [INFO] Activator:176 - 


2025-03-20 23:41:55,693 [INFO] Activator:177 - !SESSION log4j initialized
2025-03-20 23:42:00,863 [INFO] LogOutputStream:77 - [STDOUT_REDIRECT] 
2025-03-20 23:42:02,188 [INFO] ApplicationProperties:184 - Using Application install path: C:\ST\STM32CubeIDE_1.17.0\STM32CubeIDE\plugins\com.st.stm32cube.common.mx_6.13.0.202411220809
2025-03-20 23:42:02,205 [INFO] DbMcusXml:78 - Set database path to: C:\ST\STM32CubeIDE_1.17.0\STM32CubeIDE\plugins\com.st.stm32cube.common.mx_6.13.0.202411220809\\db\/mcu/
2025-03-20 23:42:02,205 [INFO] ApiDb:274 - Set plugin database path to: C:\ST\STM32CubeIDE_1.17.0\STM32CubeIDE\plugins\com.st.stm32cube.common.mx_6.13.0.202411220809\\db\/plugins/boardmanager/
2025-03-20 23:42:02,205 [WARN] ApiDb:259 - Overriding images path with different value:  => C:\ST\STM32CubeIDE_1.17.0\STM32CubeIDE\plugins\com.st.stm32cube.common.mx_6.13.0.202411220809\\db\/plugins/mcufinder/images/
2025-03-20 23:42:02,213 [INFO] ApiDb:250 - Set database path to: C:\Users\Pavan\.stmcufinder\plugins\mcufinder//mcu/
2025-03-20 23:42:02,214 [INFO] DbMcusAds:125 - Set database path to: C:\Users\Pavan\.stmcufinder\plugins\mcufinder//mcu/
2025-03-20 23:42:02,216 [INFO] CrossReferenceDbSqlite:203 - Set database path to: C:\Users\Pavan\.stmcufinder\plugins\mcufinder//mcu/cs/
2025-03-20 23:42:02,323 [INFO] RulesReader:64 - Compatibility file has been processed (297 Rules)
2025-03-20 23:42:02,398 [INFO] DbMcusXml:78 - Set database path to: C:\ST\STM32CubeIDE_1.17.0\STM32CubeIDE\plugins\com.st.stm32cube.common.mx_6.13.0.202411220809\\db\/mcu/
2025-03-20 23:42:02,398 [INFO] ApiDb:274 - Set plugin database path to: C:\ST\STM32CubeIDE_1.17.0\STM32CubeIDE\plugins\com.st.stm32cube.common.mx_6.13.0.202411220809\\db\/plugins/boardmanager/
2025-03-20 23:42:02,398 [INFO] ApiDb:261 - Set plugin images path to: C:\ST\STM32CubeIDE_1.17.0\STM32CubeIDE\plugins\com.st.stm32cube.common.mx_6.13.0.202411220809\\db\/plugins/mcufinder/images/
2025-03-20 23:42:02,399 [WARN] DbFile:41 - Overriding database path with different value: C:\Users\Pavan\.stmcufinder\plugins\mcufinder/ => C:\Users\Pavan\.stmcufinder\plugins\mcufinder
2025-03-20 23:42:02,399 [INFO] ApiDb:250 - Set database path to: C:\Users\Pavan\.stmcufinder\plugins\mcufinder//mcu/
2025-03-20 23:42:02,399 [WARN] DbFile:41 - Overriding database path with different value: C:\Users\Pavan\.stmcufinder\plugins\mcufinder/ => C:\Users\Pavan\.stmcufinder\plugins\mcufinder
2025-03-20 23:42:02,399 [INFO] DbMcusAds:125 - Set database path to: C:\Users\Pavan\.stmcufinder\plugins\mcufinder//mcu/
2025-03-20 23:42:02,399 [WARN] DbFile:41 - Overriding database path with different value: C:\Users\Pavan\.stmcufinder\plugins\mcufinder/ => C:\Users\Pavan\.stmcufinder\plugins\mcufinder
2025-03-20 23:42:02,399 [WARN] DbFile:41 - Overriding database path with different value: C:\Users\Pavan\.stmcufinder\plugins\mcufinder/ => C:\Users\Pavan\.stmcufinder\plugins\mcufinder
2025-03-20 23:42:02,399 [INFO] CrossReferenceDbSqlite:203 - Set database path to: C:\Users\Pavan\.stmcufinder\plugins\mcufinder//mcu/cs/
2025-03-20 23:42:02,463 [INFO] MainPanel:272 - HeapMemory: 268435456
2025-03-20 23:42:02,539 [INFO] DbMcusXml:78 - Set database path to: C:\ST\STM32CubeIDE_1.17.0\STM32CubeIDE\plugins\com.st.stm32cube.common.mx_6.13.0.202411220809\\db\/mcu/
2025-03-20 23:42:02,539 [INFO] ApiDb:274 - Set plugin database path to: C:\ST\STM32CubeIDE_1.17.0\STM32CubeIDE\plugins\com.st.stm32cube.common.mx_6.13.0.202411220809\\db\/plugins/boardmanager/
2025-03-20 23:42:02,539 [INFO] ApiDb:261 - Set plugin images path to: C:\ST\STM32CubeIDE_1.17.0\STM32CubeIDE\plugins\com.st.stm32cube.common.mx_6.13.0.202411220809\\db\/plugins/mcufinder/images/
2025-03-20 23:42:02,540 [WARN] DbFile:41 - Overriding database path with different value: C:\Users\Pavan\.stmcufinder\plugins\mcufinder/ => C:\Users\Pavan\.stmcufinder\plugins\mcufinder
2025-03-20 23:42:02,540 [INFO] ApiDb:250 - Set database path to: C:\Users\Pavan\.stmcufinder\plugins\mcufinder//mcu/
2025-03-20 23:42:02,540 [WARN] DbFile:41 - Overriding database path with different value: C:\Users\Pavan\.stmcufinder\plugins\mcufinder/ => C:\Users\Pavan\.stmcufinder\plugins\mcufinder
2025-03-20 23:42:02,540 [INFO] DbMcusAds:125 - Set database path to: C:\Users\Pavan\.stmcufinder\plugins\mcufinder//mcu/
2025-03-20 23:42:02,540 [WARN] DbFile:41 - Overriding database path with different value: C:\Users\Pavan\.stmcufinder\plugins\mcufinder/ => C:\Users\Pavan\.stmcufinder\plugins\mcufinder
2025-03-20 23:42:02,540 [WARN] DbFile:41 - Overriding database path with different value: C:\Users\Pavan\.stmcufinder\plugins\mcufinder/ => C:\Users\Pavan\.stmcufinder\plugins\mcufinder
2025-03-20 23:42:02,540 [INFO] CrossReferenceDbSqlite:203 - Set database path to: C:\Users\Pavan\.stmcufinder\plugins\mcufinder//mcu/cs/
2025-03-20 23:42:02,557 [INFO] ApplicationProperties:184 - Using Application install path: C:\ST\STM32CubeIDE_1.17.0\STM32CubeIDE\plugins\com.st.stm32cube.common.mx_6.13.0.202411220809
2025-03-20 23:42:02,559 [INFO] PluginManage:196 - Search for loadable plugins [exclusion list=, ]
2025-03-20 23:42:02,560 [INFO] PluginManage:310 - Check plugin analytics
2025-03-20 23:42:02,743 [INFO] AnalyticsPlugin:253 - Accepted Software Licenses: STM32CubeMX.6.13.0
2025-03-20 23:42:02,743 [INFO] AnalyticsPlugin:255 - Accepted CMSIS Pack Licenses: 
2025-03-20 23:42:02,743 [INFO] AnalyticsPlugin:257 - Accepted Firmware Licenses: FW.F4.1.28.0
2025-03-20 23:42:02,748 [INFO] PluginManage:359 - Loaded plugin analytics (category:tool,tabindex:-1)
2025-03-20 23:42:02,749 [INFO] PluginManage:310 - Check plugin cadmodel
2025-03-20 23:42:02,756 [INFO] CADModel:105 - Init CAD model plugin
2025-03-20 23:42:02,756 [INFO] PluginManage:359 - Loaded plugin cadmodel (category:power,tabindex:5)
2025-03-20 23:42:02,757 [INFO] PluginManage:310 - Check plugin clock
2025-03-20 23:42:02,771 [INFO] PluginManage:359 - Loaded plugin clock (category:base,tabindex:2)
2025-03-20 23:42:02,772 [INFO] PluginManage:310 - Check plugin ddr
2025-03-20 23:42:02,776 [INFO] PluginManage:359 - Loaded plugin ddr (category:tool,tabindex:6)
2025-03-20 23:42:02,777 [INFO] PluginManage:310 - Check plugin filemanager
2025-03-20 23:42:02,933 [INFO] PluginManage:359 - Loaded plugin filemanager (category:base,tabindex:10)
2025-03-20 23:42:02,933 [INFO] PluginManage:310 - Check plugin ipmanager
2025-03-20 23:42:02,939 [INFO] PluginManage:359 - Loaded plugin ipmanager (category:base,tabindex:5)
2025-03-20 23:42:02,939 [INFO] PluginManage:310 - Check plugin lpbam
2025-03-20 23:42:02,947 [INFO] PluginManage:359 - Loaded plugin lpbam (category:base,tabindex:0)
2025-03-20 23:42:02,947 [INFO] PluginManage:310 - Check plugin memorymap
2025-03-20 23:42:02,959 [INFO] PluginManage:359 - Loaded plugin memorymap (category:base,tabindex:4)
2025-03-20 23:42:02,959 [INFO] PluginManage:310 - Check plugin pinoutandconfiguration
2025-03-20 23:42:02,965 [INFO] PluginManage:359 - Loaded plugin pinoutandconfiguration (category:base,tabindex:1)
2025-03-20 23:42:02,965 [INFO] PluginManage:310 - Check plugin pinoutconfig
2025-03-20 23:42:03,052 [WARN] SupportedApi:132 - Cannot load RTOS API schema: s4s-elt-must-match.1: The content of 'definitions' must match (annotation?, (simpleType | complexType)?, (unique | key | keyref)*)). A problem was found starting at: attribute.
2025-03-20 23:42:03,183 [INFO] PluginManage:359 - Loaded plugin pinoutconfig (category:base,tabindex:0)
2025-03-20 23:42:03,183 [INFO] PluginManage:310 - Check plugin power
2025-03-20 23:42:03,190 [INFO] PluginManage:359 - Loaded plugin power (category:power,tabindex:4)
2025-03-20 23:42:03,191 [INFO] PluginManage:310 - Check plugin projectmanager
2025-03-20 23:42:03,205 [INFO] PluginManage:359 - Loaded plugin projectmanager (category:projectmanager,tabindex:4)
2025-03-20 23:42:03,205 [INFO] PluginManage:310 - Check plugin rif
2025-03-20 23:42:03,211 [INFO] PluginManage:359 - Loaded plugin rif (category:base,tabindex:3)
2025-03-20 23:42:03,212 [INFO] PluginManage:310 - Check plugin thirdparty
2025-03-20 23:42:03,341 [WARN] IntegrityCheckThread:84 - waiting for thirdparty lock release [integrity check]
2025-03-20 23:42:03,342 [INFO] IntegrityCheckThread:86 - entering critical section [integrity check]
2025-03-20 23:42:03,342 [INFO] ThirdPartyUpdaterWithRetryManager:70 - Updater plugin not ready yet. [1/15]
2025-03-20 23:42:03,342 [INFO] PluginManage:359 - Loaded plugin thirdparty (category:base,tabindex:-1)
2025-03-20 23:42:03,343 [INFO] PluginManage:310 - Check plugin tools
2025-03-20 23:42:03,346 [INFO] PluginManage:359 - Loaded plugin tools (category:base,tabindex:7)
2025-03-20 23:42:03,347 [INFO] PluginManage:310 - Check plugin tutovideos
2025-03-20 23:42:03,515 [INFO] PluginManage:359 - Loaded plugin tutovideos (category:base,tabindex:-1)
2025-03-20 23:42:03,515 [INFO] PluginManage:310 - Check plugin updater
2025-03-20 23:42:03,533 [INFO] PluginManage:359 - Loaded plugin updater (category:base,tabindex:12)
2025-03-20 23:42:03,533 [INFO] PluginManage:310 - Check plugin userauth
2025-03-20 23:42:03,537 [INFO] UserAuth:118 - Init User Auth plugin
2025-03-20 23:42:03,537 [INFO] PluginManage:359 - Loaded plugin userauth (category:base,tabindex:14)
2025-03-20 23:42:03,538 [INFO] PluginManage:283 - PluginManage : Loaded plugins [18]
2025-03-20 23:42:03,759 [INFO] PinOutPanel:1589 - setPackage(No Configuration,No Configuration)
2025-03-20 23:42:03,838 [INFO] CADModel:165 - CPN selected for project level
2025-03-20 23:42:03,839 [INFO] CADModel:114 - Register for checkConnection events
2025-03-20 23:42:03,855 [INFO] IPUIPlugin:80 - create IPUIPlugin
2025-03-20 23:42:03,856 [INFO] PluginManager:220 - loadIPPluginJar : add adc
2025-03-20 23:42:03,861 [INFO] IPUIPlugin:80 - create IPUIPlugin
2025-03-20 23:42:03,861 [INFO] PluginManager:220 - loadIPPluginJar : add aes
2025-03-20 23:42:03,864 [INFO] IPUIPlugin:80 - create IPUIPlugin
2025-03-20 23:42:03,864 [INFO] PluginManager:220 - loadIPPluginJar : add can
2025-03-20 23:42:03,866 [INFO] IPUIPlugin:80 - create IPUIPlugin
2025-03-20 23:42:03,867 [INFO] PluginManager:220 - loadIPPluginJar : add comp
2025-03-20 23:42:03,869 [INFO] IPUIPlugin:80 - create IPUIPlugin
2025-03-20 23:42:03,869 [INFO] PluginManager:220 - loadIPPluginJar : add cryp
2025-03-20 23:42:03,872 [INFO] IPUIPlugin:80 - create IPUIPlugin
2025-03-20 23:42:03,872 [INFO] PluginManager:220 - loadIPPluginJar : add ddr_ctrl_phy
2025-03-20 23:42:03,873 [INFO] IPUIPlugin:80 - create IPUIPlugin
2025-03-20 23:42:03,874 [INFO] PluginManager:220 - loadIPPluginJar : add dfsdm
2025-03-20 23:42:03,878 [INFO] IPUIPlugin:80 - create IPUIPlugin
2025-03-20 23:42:03,878 [INFO] PluginManager:220 - loadIPPluginJar : add dma
2025-03-20 23:42:03,880 [INFO] IPUIPlugin:80 - create IPUIPlugin
2025-03-20 23:42:03,880 [INFO] PluginManager:220 - loadIPPluginJar : add dma3
2025-03-20 23:42:03,882 [INFO] IPUIPlugin:80 - create IPUIPlugin
2025-03-20 23:42:03,882 [INFO] PluginManager:220 - loadIPPluginJar : add extmemmanager
2025-03-20 23:42:03,884 [INFO] IPUIPlugin:80 - create IPUIPlugin
2025-03-20 23:42:03,884 [INFO] PluginManager:220 - loadIPPluginJar : add fatfs
2025-03-20 23:42:03,887 [INFO] IPUIPlugin:80 - create IPUIPlugin
2025-03-20 23:42:03,888 [INFO] PluginManager:220 - loadIPPluginJar : add fmc
2025-03-20 23:42:03,896 [INFO] IPUIPlugin:80 - create IPUIPlugin
2025-03-20 23:42:03,896 [INFO] PluginManager:220 - loadIPPluginJar : add freertos
2025-03-20 23:42:03,897 [INFO] IPUIPlugin:80 - create IPUIPlugin
2025-03-20 23:42:03,897 [INFO] PluginManager:220 - loadIPPluginJar : add genericplugin
2025-03-20 23:42:03,898 [INFO] IPUIPlugin:80 - create IPUIPlugin
2025-03-20 23:42:03,899 [INFO] PluginManager:220 - loadIPPluginJar : add gfxmmu
2025-03-20 23:42:03,902 [INFO] IPUIPlugin:80 - create IPUIPlugin
2025-03-20 23:42:03,902 [INFO] PluginManager:220 - loadIPPluginJar : add gic
2025-03-20 23:42:03,906 [INFO] IPUIPlugin:80 - create IPUIPlugin
2025-03-20 23:42:03,906 [INFO] PluginManager:220 - loadIPPluginJar : add gpio
2025-03-20 23:42:03,908 [INFO] IPUIPlugin:80 - create IPUIPlugin
2025-03-20 23:42:03,908 [INFO] PluginManager:220 - loadIPPluginJar : add gtzc
2025-03-20 23:42:03,910 [INFO] IPUIPlugin:80 - create IPUIPlugin
2025-03-20 23:42:03,910 [INFO] PluginManager:220 - loadIPPluginJar : add hash
2025-03-20 23:42:03,912 [INFO] IPUIPlugin:80 - create IPUIPlugin
2025-03-20 23:42:03,912 [INFO] PluginManager:220 - loadIPPluginJar : add i2c
2025-03-20 23:42:03,914 [INFO] IPUIPlugin:80 - create IPUIPlugin
2025-03-20 23:42:03,914 [INFO] PluginManager:220 - loadIPPluginJar : add i2s
2025-03-20 23:42:03,917 [INFO] IPUIPlugin:80 - create IPUIPlugin
2025-03-20 23:42:03,917 [INFO] PluginManager:220 - loadIPPluginJar : add i3c
2025-03-20 23:42:03,921 [INFO] IPUIPlugin:80 - create IPUIPlugin
2025-03-20 23:42:03,921 [INFO] PluginManager:220 - loadIPPluginJar : add ipddr
2025-03-20 23:42:03,927 [INFO] IPUIPlugin:80 - create IPUIPlugin
2025-03-20 23:42:03,928 [INFO] PluginManager:220 - loadIPPluginJar : add linkedlist
2025-03-20 23:42:03,931 [INFO] IPUIPlugin:80 - create IPUIPlugin
2025-03-20 23:42:03,931 [INFO] PluginManager:220 - loadIPPluginJar : add lorawan
2025-03-20 23:42:03,932 [INFO] IPUIPlugin:80 - create IPUIPlugin
2025-03-20 23:42:03,932 [INFO] PluginManager:220 - loadIPPluginJar : add ltdc
2025-03-20 23:42:03,937 [INFO] IPUIPlugin:80 - create IPUIPlugin
2025-03-20 23:42:03,937 [INFO] PluginManager:220 - loadIPPluginJar : add mdma
2025-03-20 23:42:03,940 [INFO] IPUIPlugin:80 - create IPUIPlugin
2025-03-20 23:42:03,940 [INFO] PluginManager:220 - loadIPPluginJar : add nvic
2025-03-20 23:42:03,942 [INFO] IPUIPlugin:80 - create IPUIPlugin
2025-03-20 23:42:03,942 [INFO] PluginManager:220 - loadIPPluginJar : add opamp
2025-03-20 23:42:03,945 [INFO] IPUIPlugin:80 - create IPUIPlugin
2025-03-20 23:42:03,945 [INFO] PluginManager:220 - loadIPPluginJar : add openamp
2025-03-20 23:42:03,948 [INFO] IPUIPlugin:80 - create IPUIPlugin
2025-03-20 23:42:03,948 [INFO] PluginManager:220 - loadIPPluginJar : add pdm2pcm
2025-03-20 23:42:03,952 [INFO] IPUIPlugin:80 - create IPUIPlugin
2025-03-20 23:42:03,956 [INFO] PluginManager:220 - loadIPPluginJar : add plateformsettings
2025-03-20 23:42:03,957 [INFO] IPUIPlugin:80 - create IPUIPlugin
2025-03-20 23:42:03,958 [INFO] PluginManager:220 - loadIPPluginJar : add quadspi
2025-03-20 23:42:03,959 [INFO] IPUIPlugin:80 - create IPUIPlugin
2025-03-20 23:42:03,960 [INFO] PluginManager:220 - loadIPPluginJar : add radio
2025-03-20 23:42:03,963 [INFO] IPUIPlugin:80 - create IPUIPlugin
2025-03-20 23:42:03,963 [INFO] PluginManager:220 - loadIPPluginJar : add resmgrutility
2025-03-20 23:42:03,965 [INFO] IPUIPlugin:80 - create IPUIPlugin
2025-03-20 23:42:03,965 [INFO] PluginManager:220 - loadIPPluginJar : add sai
2025-03-20 23:42:03,967 [INFO] IPUIPlugin:80 - create IPUIPlugin
2025-03-20 23:42:03,967 [INFO] PluginManager:220 - loadIPPluginJar : add spi
2025-03-20 23:42:03,973 [INFO] IPUIPlugin:80 - create IPUIPlugin
2025-03-20 23:42:03,973 [INFO] PluginManager:220 - loadIPPluginJar : add stm32_wpan
2025-03-20 23:42:03,976 [INFO] IPUIPlugin:80 - create IPUIPlugin
2025-03-20 23:42:03,976 [INFO] PluginManager:220 - loadIPPluginJar : add tim
2025-03-20 23:42:03,981 [INFO] IPUIPlugin:80 - create IPUIPlugin
2025-03-20 23:42:03,981 [INFO] PluginManager:220 - loadIPPluginJar : add touchsensing
2025-03-20 23:42:03,983 [INFO] IPUIPlugin:80 - create IPUIPlugin
2025-03-20 23:42:03,983 [INFO] PluginManager:220 - loadIPPluginJar : add tracer_emb
2025-03-20 23:42:03,985 [INFO] IPUIPlugin:80 - create IPUIPlugin
2025-03-20 23:42:03,985 [INFO] PluginManager:220 - loadIPPluginJar : add ts
2025-03-20 23:42:03,987 [INFO] IPUIPlugin:80 - create IPUIPlugin
2025-03-20 23:42:03,987 [INFO] PluginManager:220 - loadIPPluginJar : add tsc
2025-03-20 23:42:03,988 [INFO] IPUIPlugin:80 - create IPUIPlugin
2025-03-20 23:42:03,988 [INFO] PluginManager:220 - loadIPPluginJar : add ucpd
2025-03-20 23:42:03,990 [INFO] IPUIPlugin:80 - create IPUIPlugin
2025-03-20 23:42:03,991 [INFO] PluginManager:220 - loadIPPluginJar : add usart
2025-03-20 23:42:03,993 [INFO] IPUIPlugin:80 - create IPUIPlugin
2025-03-20 23:42:03,993 [INFO] PluginManager:220 - loadIPPluginJar : add usbx
2025-03-20 23:42:04,108 [FATAL] Updater:351 - Updater called before beeing initialized
2025-03-20 23:42:04,132 [INFO] RulesReader:64 - Compatibility file has been processed (297 Rules)
2025-03-20 23:42:04,142 [INFO] RulesReader:64 - Compatibility file has been processed (297 Rules)
2025-03-20 23:42:04,152 [INFO] CADModel:165 - CPN selected for project level
2025-03-20 23:42:04,152 [INFO] CADModel:114 - Register for checkConnection events
2025-03-20 23:42:04,152 [FATAL] Updater:351 - Updater called before beeing initialized
2025-03-20 23:42:04,152 [ERROR] CADModel:125 - Updater not yet initialized, retry later 
2025-03-20 23:42:04,282 [FATAL] Updater:351 - Updater called before beeing initialized
2025-03-20 23:42:04,284 [INFO] CADModel:165 - CPN selected for project level
2025-03-20 23:42:04,284 [INFO] CADModel:114 - Register for checkConnection events
2025-03-20 23:42:04,284 [FATAL] Updater:351 - Updater called before beeing initialized
2025-03-20 23:42:04,284 [ERROR] CADModel:125 - Updater not yet initialized, retry later 
2025-03-20 23:42:04,287 [FATAL] Updater:351 - Updater called before beeing initialized
2025-03-20 23:42:04,372 [FATAL] Updater:351 - Updater called before beeing initialized
2025-03-20 23:42:04,376 [INFO] DbMcusAds:53 - JSON generation date=Tue Dec 17 21:31:15 IST 2024 (1734451275111)
2025-03-20 23:42:04,376 [FATAL] Updater:351 - Updater called before beeing initialized
2025-03-20 23:42:04,405 [WARN] DetailPanel:346 - Failed to get advertising image, set to default
2025-03-20 23:42:04,597 [FATAL] Updater:351 - Updater called before beeing initialized
2025-03-20 23:42:04,598 [FATAL] Updater:351 - Updater called before beeing initialized
2025-03-20 23:42:04,599 [FATAL] Updater:351 - Updater called before beeing initialized
2025-03-20 23:42:04,599 [WARN] DetailPanel:346 - Failed to get advertising image, set to default
2025-03-20 23:42:04,599 [FATAL] Updater:351 - Updater called before beeing initialized
2025-03-20 23:42:04,644 [ERROR] Updater:1198 - MainUpdater not yet initialized. External WinMGr cannot be set.
2025-03-20 23:42:04,646 [INFO] Updater:1134 - Updater Version found : 6.13.0
2025-03-20 23:42:04,661 [INFO] ApplicationProperties:184 - Using Application install path: C:\ST\STM32CubeIDE_1.17.0\STM32CubeIDE\plugins\com.st.stm32cube.common.mx_6.13.0.202411220809
2025-03-20 23:42:06,246 [ERROR] LogOutputStream:75 - [STDERR_REDIRECT] Mar 20, 2025 11:42:06 PM java.util.prefs.WindowsPreferences <init>
2025-03-20 23:42:06,247 [ERROR] LogOutputStream:75 - [STDERR_REDIRECT] WARNING: Could not open/create prefs root node Software\JavaSoft\Prefs at root 0xffffffff80000002. Windows RegCreateKeyEx(...) returned error code 5.
2025-03-20 23:42:06,248 [ERROR] LogOutputStream:75 - [STDERR_REDIRECT] 
2025-03-20 23:42:06,344 [INFO] ThirdPartyUpdaterWithRetryManager:70 - Updater plugin not ready yet. [2/15]
2025-03-20 23:42:06,533 [INFO] MainUpdater:2872 - connection check result : 10
2025-03-20 23:42:06,534 [INFO] MainUpdater:289 - Updater Check For Update Now.
2025-03-20 23:42:06,534 [INFO] MicroXplorer:498 - Change Database Version : DB.6.0.130
2025-03-20 23:42:06,550 [INFO] McuFinderGlobals:63 - Set McuFinder mode to 2 (CubeIDE integrated)
2025-03-20 23:42:06,550 [INFO] UserAuth:171 - activating auth plugin
2025-03-20 23:42:06,554 [INFO] UserAuth:486 - Internet connection configuration mode: 1
2025-03-20 23:42:06,600 [INFO] JxBrowserEngine:152 - Initiate JxBrowser Engine with user profile folder
2025-03-20 23:42:06,713 [INFO] CheckServerUpdateThread:120 - End of CheckServer Thread
2025-03-20 23:42:07,243 [INFO] WebApp:168 - Instantiating new browser for Auth
2025-03-20 23:42:07,916 [INFO] WebApp:449 - Apply proxy settings
2025-03-20 23:42:07,916 [INFO] WebApp:534 - Chromium requires no authentication
2025-03-20 23:42:07,926 [INFO] WebApp:477 - Direct internet connection detected
2025-03-20 23:42:07,949 [INFO] WebApp:880 - Register for checkConnection events
2025-03-20 23:42:07,949 [INFO] WebApp:449 - Apply proxy settings
2025-03-20 23:42:07,950 [INFO] WebApp:534 - Chromium requires no authentication
2025-03-20 23:42:07,950 [INFO] WebApp:477 - Direct internet connection detected
2025-03-20 23:42:08,140 [INFO] WebApp:221 - Starting web application
2025-03-20 23:42:08,140 [INFO] WebApp:579 - Web application path used C:\ST\STM32CubeIDE_1.17.0\STM32CubeIDE\plugins\com.st.stm32cube.common.mx_6.13.0.202411220809\db\plugins\mcufinder\reactClient1\index.html
2025-03-20 23:42:08,349 [INFO] WebApp:187 - Connection restablished
2025-03-20 23:42:09,552 [WARN] PackLoader:240 - Cannot read IP mode file for STMicroelectronics.FP-SNS-MOTENVWB1.1.4.0
2025-03-20 23:42:09,559 [WARN] PackLoader:240 - Cannot read IP mode file for STMicroelectronics.FP-ATR-ASTRA1.2.0.2
2025-03-20 23:42:09,562 [WARN] PackLoader:240 - Cannot read IP mode file for STMicroelectronics.FP-ATR-ASTRA1.2.0.1
2025-03-20 23:42:09,702 [WARN] PackLoader:240 - Cannot read IP mode file for STMicroelectronics.X-CUBE-SMBUS.2.1.0
2025-03-20 23:42:09,713 [WARN] PackLoader:240 - Cannot read IP mode file for STMicroelectronics.X-CUBE-WB05N.1.1.0
2025-03-20 23:42:09,752 [WARN] PackLoader:240 - Cannot read IP mode file for STMicroelectronics.X-CUBE-AZRTOS-F7.1.1.0
2025-03-20 23:42:09,758 [WARN] PackLoader:240 - Cannot read IP mode file for STMicroelectronics.FP-SNS-FLIGHT1.5.0.2
2025-03-20 23:42:09,781 [WARN] PackLoader:240 - Cannot read IP mode file for Infineon.AIROC-Wi-Fi-Bluetooth-STM32.1.7.0
2025-03-20 23:42:09,806 [WARN] PackLoader:240 - Cannot read IP mode file for STMicroelectronics.X-CUBE-DISPLAY.3.0.0
2025-03-20 23:42:09,816 [WARN] PackLoader:240 - Cannot read IP mode file for STMicroelectronics.X-CUBE-BLE1.7.0.0
2025-03-20 23:42:09,850 [WARN] PackLoader:240 - Cannot read IP mode file for STMicroelectronics.X-CUBE-NFC10.1.0.0
2025-03-20 23:42:09,856 [WARN] PackLoader:240 - Cannot read IP mode file for emotas.I-CUBE-CANOPEN.1.3.0
2025-03-20 23:42:09,862 [WARN] ConditionMgr:438 - getConditionDescription Invalid condition id : Cortex-A Device cause : null
2025-03-20 23:42:09,875 [WARN] ConditionMgr:1044 - genDependencies : Invalid condition id : Cortex-A Device cause : null
2025-03-20 23:42:09,875 [WARN] ConditionMgr:1044 - genDependencies : Invalid condition id : Cortex-A Device cause : null
2025-03-20 23:42:09,875 [WARN] ConditionMgr:1044 - genDependencies : Invalid condition id : Cortex-A Device cause : null
2025-03-20 23:42:09,880 [WARN] PackLoader:240 - Cannot read IP mode file for STMicroelectronics.FP-SNS-SMARTAG2.1.2.0
2025-03-20 23:42:09,883 [WARN] PackLoader:240 - Cannot read IP mode file for STMicroelectronics.FP-SNS-FLIGHT1.5.1.0
2025-03-20 23:42:09,890 [INFO] LogOutputStream:77 - [STDOUT_REDIRECT] 1 : Invalid condition id : UX_CORESTACK_Condition cause : null
2025-03-20 23:42:09,891 [INFO] LogOutputStream:77 - [STDOUT_REDIRECT] 1 : Invalid condition id : UX_CORESTACK_Condition cause : null
2025-03-20 23:42:09,892 [INFO] LogOutputStream:77 - [STDOUT_REDIRECT] 1 : Invalid condition id : UX_CORESTACK_Condition cause : null
2025-03-20 23:42:09,893 [INFO] LogOutputStream:77 - [STDOUT_REDIRECT] 1 : Invalid condition id : UX_CORESTACK_Condition cause : null
2025-03-20 23:42:09,895 [INFO] LogOutputStream:77 - [STDOUT_REDIRECT] 1 : Invalid condition id : UX_CORESTACK_Condition cause : null
2025-03-20 23:42:09,897 [WARN] PackLoader:240 - Cannot read IP mode file for STMicroelectronics.X-CUBE-AZRTOS-WL.2.0.0
2025-03-20 23:42:09,901 [WARN] PackLoader:240 - Cannot read IP mode file for STMicroelectronics.FP-SNS-MOTENV1.5.0.0
2025-03-20 23:42:09,911 [WARN] PackLoader:240 - Cannot read IP mode file for WES.I-CUBE-Cesium.1.3.0
2025-03-20 23:42:09,915 [WARN] PackLoader:240 - Cannot read IP mode file for STMicroelectronics.X-CUBE-BLE2.3.3.0
2025-03-20 23:42:09,919 [WARN] PackLoader:240 - Cannot read IP mode file for STMicroelectronics.X-CUBE-NFC9.1.0.0
2025-03-20 23:42:09,923 [WARN] PackLoader:240 - Cannot read IP mode file for STMicroelectronics.X-CUBE-BLE1.7.1.0
2025-03-20 23:42:09,926 [WARN] PackLoader:240 - Cannot read IP mode file for wolfSSL.I-CUBE-wolfMQTT.1.19.2
2025-03-20 23:42:09,935 [WARN] PackLoader:240 - Cannot read IP mode file for STMicroelectronics.X-CUBE-AZRTOS-G0.1.1.0
2025-03-20 23:42:09,940 [WARN] PackLoader:240 - Cannot read IP mode file for STMicroelectronics.X-CUBE-SAFEA1.1.2.2
2025-03-20 23:42:09,944 [WARN] PackLoader:240 - Cannot read IP mode file for STMicroelectronics.X-CUBE-NFC4.3.0.0
2025-03-20 23:42:09,951 [WARN] PackLoader:240 - Cannot read IP mode file for EmbeddedOffice.I-CUBE-FS-RTOS.1.0.1
2025-03-20 23:42:09,954 [WARN] PackLoader:240 - Cannot read IP mode file for wolfSSL.I-CUBE-wolfTPM.3.8.0
2025-03-20 23:42:09,957 [WARN] PackLoader:240 - Cannot read IP mode file for RealThread.X-CUBE-RT-Thread_Nano.4.1.1
2025-03-20 23:42:09,960 [WARN] PackLoader:240 - Cannot read IP mode file for STMicroelectronics.FP-ATR-SIGFOX1.3.2.0
2025-03-20 23:42:09,964 [WARN] PackLoader:240 - Cannot read IP mode file for STMicroelectronics.X-CUBE-EEPRMA1.5.1.0
2025-03-20 23:42:09,968 [WARN] PackLoader:240 - Cannot read IP mode file for wolfSSL.I-CUBE-wolfSSL.5.7.6
2025-03-20 23:42:09,972 [WARN] PackLoader:240 - Cannot read IP mode file for ITTIA_DB.I-CUBE-ITTIADB.8.9.0
2025-03-20 23:42:09,987 [WARN] PackLoader:240 - Cannot read IP mode file for SEGGER.I-CUBE-embOS.1.3.1
2025-03-20 23:42:10,017 [WARN] PackLoader:240 - Cannot read IP mode file for STMicroelectronics.X-CUBE-ALGOBUILD.1.4.0
2025-03-20 23:42:10,027 [WARN] PackLoader:240 - Cannot read IP mode file for STMicroelectronics.X-CUBE-AZRTOS-F4.1.1.0
2025-03-20 23:42:10,032 [WARN] PackLoader:240 - Cannot read IP mode file for STMicroelectronics.X-CUBE-ISPU.2.1.0
2025-03-20 23:42:10,043 [WARN] PackLoader:240 - Cannot read IP mode file for STMicroelectronics.X-CUBE-AZRTOS-L5.2.0.0
2025-03-20 23:42:10,050 [WARN] PackLoader:240 - Cannot read IP mode file for STMicroelectronics.X-CUBE-NFC6.3.1.0
2025-03-20 23:42:10,056 [WARN] PackLoader:240 - Cannot read IP mode file for STMicroelectronics.X-CUBE-DPower.1.2.0
2025-03-20 23:42:10,059 [WARN] PackLoader:240 - Cannot read IP mode file for STMicroelectronics.X-CUBE-NFC7.1.0.1
2025-03-20 23:42:10,070 [WARN] ConditionMgr:438 - getConditionDescription Invalid condition id : LAN8742 Phy interface Condition cause : null
2025-03-20 23:42:10,070 [WARN] PackLoader:240 - Cannot read IP mode file for STMicroelectronics.X-CUBE-AZRTOS-L4.2.0.0
2025-03-20 23:42:10,071 [WARN] ConditionMgr:1044 - genDependencies : Invalid condition id : LAN8742 Phy interface Condition cause : null
2025-03-20 23:42:10,071 [WARN] ConditionMgr:1044 - genDependencies : Invalid condition id : LAN8742 Phy interface Condition cause : null
2025-03-20 23:42:10,071 [WARN] ConditionMgr:1044 - genDependencies : Invalid condition id : LAN8742 Phy interface Condition cause : null
2025-03-20 23:42:10,077 [WARN] PackLoader:240 - Cannot read IP mode file for STMicroelectronics.X-CUBE-SFXS2LP1.4.0.0
2025-03-20 23:42:10,089 [WARN] PackLoader:240 - Cannot read IP mode file for STMicroelectronics.X-CUBE-AZRTOS-H7.3.3.0
2025-03-20 23:42:10,098 [WARN] ConditionMgr:438 - getConditionDescription Invalid condition id : UX DEVICE CLASS RTOS Condition cause : null
2025-03-20 23:42:10,098 [WARN] ConditionMgr:438 - getConditionDescription Invalid condition id : UX DEVICE CLASS RTOS Condition cause : null
2025-03-20 23:42:10,099 [WARN] PackLoader:240 - Cannot read IP mode file for STMicroelectronics.X-CUBE-AZRTOS-WB.2.0.0
2025-03-20 23:42:10,099 [WARN] ConditionMgr:1044 - genDependencies : Invalid condition id : UX DEVICE CLASS RTOS Condition cause : null
2025-03-20 23:42:10,099 [WARN] ConditionMgr:1044 - genDependencies : Invalid condition id : UX DEVICE CLASS RTOS Condition cause : null
2025-03-20 23:42:10,099 [WARN] ConditionMgr:1044 - genDependencies : Invalid condition id : UX DEVICE CLASS RTOS Condition cause : null
2025-03-20 23:42:10,100 [WARN] ConditionMgr:1044 - genDependencies : Invalid condition id : UX DEVICE CLASS RTOS Condition cause : null
2025-03-20 23:42:10,100 [WARN] ConditionMgr:1044 - genDependencies : Invalid condition id : UX DEVICE CLASS RTOS Condition cause : null
2025-03-20 23:42:10,106 [WARN] PackLoader:240 - Cannot read IP mode file for STMicroelectronics.X-CUBE-TOUCHGFX.4.25.0
2025-03-20 23:42:10,110 [WARN] PackLoader:240 - Cannot read IP mode file for STMicroelectronics.FP-SNS-STBOX1.2.0.0
2025-03-20 23:42:10,118 [WARN] PackLoader:240 - Cannot read IP mode file for STMicroelectronics.X-CUBE-SUBG2.5.0.0
2025-03-20 23:42:10,131 [WARN] PackLoader:240 - Cannot read IP mode file for STMicroelectronics.X-CUBE-AZRTOS-H7RS.1.1.0
2025-03-20 23:42:10,136 [WARN] PackLoader:240 - Cannot read IP mode file for Cesanta.I-CUBE-Mongoose.7.13.0
2025-03-20 23:42:10,143 [WARN] PackLoader:240 - Cannot read IP mode file for STMicroelectronics.X-CUBE-AZRTOS-G4.2.0.0
2025-03-20 23:42:10,147 [WARN] PackLoader:240 - Cannot read IP mode file for wolfSSL.I-CUBE-wolfSSH.1.4.20
2025-03-20 23:42:10,150 [WARN] PackLoader:240 - Cannot read IP mode file for STMicroelectronics.X-CUBE-ALS.1.0.2
2025-03-20 23:42:10,153 [WARN] PackLoader:240 - Cannot read IP mode file for STMicroelectronics.X-CUBE-TOUCHGFX.4.24.2
2025-03-20 23:42:10,158 [WARN] PackLoader:240 - Cannot read IP mode file for portGmbH.I-Cube-SoM-uGOAL.1.1.0
2025-03-20 23:42:10,170 [WARN] PackLoader:240 - Cannot read IP mode file for STMicroelectronics.X-CUBE-TOF1.3.4.2
2025-03-20 23:42:10,177 [INFO] ThirdParty:978 - Integrity check success = true
2025-03-20 23:42:10,178 [INFO] IntegrityCheckThread:100 - exiting critical section [integrity check]
2025-03-20 23:42:10,178 [INFO] IntegrityCheckThread:103 - End integrity checks thread
2025-03-20 23:52:02,494 [ERROR] LogOutputStream:75 - [STDERR_REDIRECT] 
2025-03-20 23:52:02,497 [ERROR] LogOutputStream:75 - [STDERR_REDIRECT] 
