2025-03-21 07:34:22,064 [INFO] Activator:176 - 


2025-03-21 07:34:22,070 [INFO] Activator:177 - !SESSION log4j initialized
2025-03-21 07:34:27,868 [INFO] LogOutputStream:77 - [STDOUT_REDIRECT] 
2025-03-21 07:34:29,628 [INFO] ApplicationProperties:184 - Using Application install path: C:\ST\STM32CubeIDE_1.17.0\STM32CubeIDE\plugins\com.st.stm32cube.common.mx_6.13.0.202411220809
2025-03-21 07:34:29,649 [INFO] DbMcusXml:78 - Set database path to: C:\ST\STM32CubeIDE_1.17.0\STM32CubeIDE\plugins\com.st.stm32cube.common.mx_6.13.0.202411220809\\db\/mcu/
2025-03-21 07:34:29,649 [INFO] ApiDb:274 - Set plugin database path to: C:\ST\STM32CubeIDE_1.17.0\STM32CubeIDE\plugins\com.st.stm32cube.common.mx_6.13.0.202411220809\\db\/plugins/boardmanager/
2025-03-21 07:34:29,650 [WARN] ApiDb:259 - Overriding images path with different value:  => C:\ST\STM32CubeIDE_1.17.0\STM32CubeIDE\plugins\com.st.stm32cube.common.mx_6.13.0.202411220809\\db\/plugins/mcufinder/images/
2025-03-21 07:34:29,661 [INFO] ApiDb:250 - Set database path to: C:\Users\Pavan\.stmcufinder\plugins\mcufinder//mcu/
2025-03-21 07:34:29,706 [INFO] DbMcusAds:125 - Set database path to: C:\Users\Pavan\.stmcufinder\plugins\mcufinder//mcu/
2025-03-21 07:34:29,710 [INFO] CrossReferenceDbSqlite:203 - Set database path to: C:\Users\Pavan\.stmcufinder\plugins\mcufinder//mcu/cs/
2025-03-21 07:34:29,855 [INFO] RulesReader:64 - Compatibility file has been processed (297 Rules)
2025-03-21 07:34:29,958 [INFO] DbMcusXml:78 - Set database path to: C:\ST\STM32CubeIDE_1.17.0\STM32CubeIDE\plugins\com.st.stm32cube.common.mx_6.13.0.202411220809\\db\/mcu/
2025-03-21 07:34:29,958 [INFO] ApiDb:274 - Set plugin database path to: C:\ST\STM32CubeIDE_1.17.0\STM32CubeIDE\plugins\com.st.stm32cube.common.mx_6.13.0.202411220809\\db\/plugins/boardmanager/
2025-03-21 07:34:29,958 [INFO] ApiDb:261 - Set plugin images path to: C:\ST\STM32CubeIDE_1.17.0\STM32CubeIDE\plugins\com.st.stm32cube.common.mx_6.13.0.202411220809\\db\/plugins/mcufinder/images/
2025-03-21 07:34:29,959 [WARN] DbFile:41 - Overriding database path with different value: C:\Users\Pavan\.stmcufinder\plugins\mcufinder/ => C:\Users\Pavan\.stmcufinder\plugins\mcufinder
2025-03-21 07:34:29,959 [INFO] ApiDb:250 - Set database path to: C:\Users\Pavan\.stmcufinder\plugins\mcufinder//mcu/
2025-03-21 07:34:29,959 [WARN] DbFile:41 - Overriding database path with different value: C:\Users\Pavan\.stmcufinder\plugins\mcufinder/ => C:\Users\Pavan\.stmcufinder\plugins\mcufinder
2025-03-21 07:34:29,959 [INFO] DbMcusAds:125 - Set database path to: C:\Users\Pavan\.stmcufinder\plugins\mcufinder//mcu/
2025-03-21 07:34:29,959 [WARN] DbFile:41 - Overriding database path with different value: C:\Users\Pavan\.stmcufinder\plugins\mcufinder/ => C:\Users\Pavan\.stmcufinder\plugins\mcufinder
2025-03-21 07:34:29,959 [WARN] DbFile:41 - Overriding database path with different value: C:\Users\Pavan\.stmcufinder\plugins\mcufinder/ => C:\Users\Pavan\.stmcufinder\plugins\mcufinder
2025-03-21 07:34:29,960 [INFO] CrossReferenceDbSqlite:203 - Set database path to: C:\Users\Pavan\.stmcufinder\plugins\mcufinder//mcu/cs/
2025-03-21 07:34:30,053 [INFO] MainPanel:272 - HeapMemory: 268435456
2025-03-21 07:34:30,171 [INFO] DbMcusXml:78 - Set database path to: C:\ST\STM32CubeIDE_1.17.0\STM32CubeIDE\plugins\com.st.stm32cube.common.mx_6.13.0.202411220809\\db\/mcu/
2025-03-21 07:34:30,171 [INFO] ApiDb:274 - Set plugin database path to: C:\ST\STM32CubeIDE_1.17.0\STM32CubeIDE\plugins\com.st.stm32cube.common.mx_6.13.0.202411220809\\db\/plugins/boardmanager/
2025-03-21 07:34:30,171 [INFO] ApiDb:261 - Set plugin images path to: C:\ST\STM32CubeIDE_1.17.0\STM32CubeIDE\plugins\com.st.stm32cube.common.mx_6.13.0.202411220809\\db\/plugins/mcufinder/images/
2025-03-21 07:34:30,171 [WARN] DbFile:41 - Overriding database path with different value: C:\Users\Pavan\.stmcufinder\plugins\mcufinder/ => C:\Users\Pavan\.stmcufinder\plugins\mcufinder
2025-03-21 07:34:30,171 [INFO] ApiDb:250 - Set database path to: C:\Users\Pavan\.stmcufinder\plugins\mcufinder//mcu/
2025-03-21 07:34:30,171 [WARN] DbFile:41 - Overriding database path with different value: C:\Users\Pavan\.stmcufinder\plugins\mcufinder/ => C:\Users\Pavan\.stmcufinder\plugins\mcufinder
2025-03-21 07:34:30,172 [INFO] DbMcusAds:125 - Set database path to: C:\Users\Pavan\.stmcufinder\plugins\mcufinder//mcu/
2025-03-21 07:34:30,172 [WARN] DbFile:41 - Overriding database path with different value: C:\Users\Pavan\.stmcufinder\plugins\mcufinder/ => C:\Users\Pavan\.stmcufinder\plugins\mcufinder
2025-03-21 07:34:30,172 [WARN] DbFile:41 - Overriding database path with different value: C:\Users\Pavan\.stmcufinder\plugins\mcufinder/ => C:\Users\Pavan\.stmcufinder\plugins\mcufinder
2025-03-21 07:34:30,172 [INFO] CrossReferenceDbSqlite:203 - Set database path to: C:\Users\Pavan\.stmcufinder\plugins\mcufinder//mcu/cs/
2025-03-21 07:34:30,193 [INFO] ApplicationProperties:184 - Using Application install path: C:\ST\STM32CubeIDE_1.17.0\STM32CubeIDE\plugins\com.st.stm32cube.common.mx_6.13.0.202411220809
2025-03-21 07:34:30,195 [INFO] PluginManage:196 - Search for loadable plugins [exclusion list=, ]
2025-03-21 07:34:30,196 [INFO] PluginManage:310 - Check plugin analytics
2025-03-21 07:34:30,560 [INFO] AnalyticsPlugin:253 - Accepted Software Licenses: STM32CubeMX.6.13.0
2025-03-21 07:34:30,562 [INFO] AnalyticsPlugin:255 - Accepted CMSIS Pack Licenses: 
2025-03-21 07:34:30,562 [INFO] AnalyticsPlugin:257 - Accepted Firmware Licenses: FW.F4.1.28.0
2025-03-21 07:34:30,568 [INFO] PluginManage:359 - Loaded plugin analytics (category:tool,tabindex:-1)
2025-03-21 07:34:30,569 [INFO] PluginManage:310 - Check plugin cadmodel
2025-03-21 07:34:30,579 [INFO] CADModel:105 - Init CAD model plugin
2025-03-21 07:34:30,579 [INFO] PluginManage:359 - Loaded plugin cadmodel (category:power,tabindex:5)
2025-03-21 07:34:30,580 [INFO] PluginManage:310 - Check plugin clock
2025-03-21 07:34:30,597 [INFO] PluginManage:359 - Loaded plugin clock (category:base,tabindex:2)
2025-03-21 07:34:30,597 [INFO] PluginManage:310 - Check plugin ddr
2025-03-21 07:34:30,600 [INFO] PluginManage:359 - Loaded plugin ddr (category:tool,tabindex:6)
2025-03-21 07:34:30,600 [INFO] PluginManage:310 - Check plugin filemanager
2025-03-21 07:34:30,779 [INFO] PluginManage:359 - Loaded plugin filemanager (category:base,tabindex:10)
2025-03-21 07:34:30,779 [INFO] PluginManage:310 - Check plugin ipmanager
2025-03-21 07:34:30,788 [INFO] PluginManage:359 - Loaded plugin ipmanager (category:base,tabindex:5)
2025-03-21 07:34:30,788 [INFO] PluginManage:310 - Check plugin lpbam
2025-03-21 07:34:30,798 [INFO] PluginManage:359 - Loaded plugin lpbam (category:base,tabindex:0)
2025-03-21 07:34:30,798 [INFO] PluginManage:310 - Check plugin memorymap
2025-03-21 07:34:30,814 [INFO] PluginManage:359 - Loaded plugin memorymap (category:base,tabindex:4)
2025-03-21 07:34:30,814 [INFO] PluginManage:310 - Check plugin pinoutandconfiguration
2025-03-21 07:34:30,823 [INFO] PluginManage:359 - Loaded plugin pinoutandconfiguration (category:base,tabindex:1)
2025-03-21 07:34:30,823 [INFO] PluginManage:310 - Check plugin pinoutconfig
2025-03-21 07:34:30,942 [WARN] SupportedApi:132 - Cannot load RTOS API schema: s4s-elt-must-match.1: The content of 'definitions' must match (annotation?, (simpleType | complexType)?, (unique | key | keyref)*)). A problem was found starting at: attribute.
2025-03-21 07:34:31,120 [INFO] PluginManage:359 - Loaded plugin pinoutconfig (category:base,tabindex:0)
2025-03-21 07:34:31,120 [INFO] PluginManage:310 - Check plugin power
2025-03-21 07:34:31,133 [INFO] PluginManage:359 - Loaded plugin power (category:power,tabindex:4)
2025-03-21 07:34:31,133 [INFO] PluginManage:310 - Check plugin projectmanager
2025-03-21 07:34:31,152 [INFO] PluginManage:359 - Loaded plugin projectmanager (category:projectmanager,tabindex:4)
2025-03-21 07:34:31,152 [INFO] PluginManage:310 - Check plugin rif
2025-03-21 07:34:31,161 [INFO] PluginManage:359 - Loaded plugin rif (category:base,tabindex:3)
2025-03-21 07:34:31,161 [INFO] PluginManage:310 - Check plugin thirdparty
2025-03-21 07:34:31,341 [WARN] IntegrityCheckThread:84 - waiting for thirdparty lock release [integrity check]
2025-03-21 07:34:31,341 [INFO] PluginManage:359 - Loaded plugin thirdparty (category:base,tabindex:-1)
2025-03-21 07:34:31,342 [INFO] IntegrityCheckThread:86 - entering critical section [integrity check]
2025-03-21 07:34:31,342 [INFO] PluginManage:310 - Check plugin tools
2025-03-21 07:34:31,343 [INFO] ThirdPartyUpdaterWithRetryManager:70 - Updater plugin not ready yet. [1/15]
2025-03-21 07:34:31,346 [INFO] PluginManage:359 - Loaded plugin tools (category:base,tabindex:7)
2025-03-21 07:34:31,346 [INFO] PluginManage:310 - Check plugin tutovideos
2025-03-21 07:34:31,568 [INFO] PluginManage:359 - Loaded plugin tutovideos (category:base,tabindex:-1)
2025-03-21 07:34:31,568 [INFO] PluginManage:310 - Check plugin updater
2025-03-21 07:34:31,596 [INFO] PluginManage:359 - Loaded plugin updater (category:base,tabindex:12)
2025-03-21 07:34:31,596 [INFO] PluginManage:310 - Check plugin userauth
2025-03-21 07:34:31,601 [INFO] UserAuth:118 - Init User Auth plugin
2025-03-21 07:34:31,601 [INFO] PluginManage:359 - Loaded plugin userauth (category:base,tabindex:14)
2025-03-21 07:34:31,602 [INFO] PluginManage:283 - PluginManage : Loaded plugins [18]
2025-03-21 07:34:31,848 [INFO] PinOutPanel:1589 - setPackage(No Configuration,No Configuration)
2025-03-21 07:34:31,949 [INFO] CADModel:165 - CPN selected for project level
2025-03-21 07:34:31,949 [INFO] CADModel:114 - Register for checkConnection events
2025-03-21 07:34:31,979 [INFO] IPUIPlugin:80 - create IPUIPlugin
2025-03-21 07:34:31,979 [INFO] PluginManager:220 - loadIPPluginJar : add adc
2025-03-21 07:34:31,984 [INFO] IPUIPlugin:80 - create IPUIPlugin
2025-03-21 07:34:31,984 [INFO] PluginManager:220 - loadIPPluginJar : add aes
2025-03-21 07:34:31,987 [INFO] IPUIPlugin:80 - create IPUIPlugin
2025-03-21 07:34:31,988 [INFO] PluginManager:220 - loadIPPluginJar : add can
2025-03-21 07:34:31,994 [INFO] IPUIPlugin:80 - create IPUIPlugin
2025-03-21 07:34:31,994 [INFO] PluginManager:220 - loadIPPluginJar : add comp
2025-03-21 07:34:31,996 [INFO] IPUIPlugin:80 - create IPUIPlugin
2025-03-21 07:34:31,996 [INFO] PluginManager:220 - loadIPPluginJar : add cryp
2025-03-21 07:34:32,000 [INFO] IPUIPlugin:80 - create IPUIPlugin
2025-03-21 07:34:32,000 [INFO] PluginManager:220 - loadIPPluginJar : add ddr_ctrl_phy
2025-03-21 07:34:32,003 [INFO] IPUIPlugin:80 - create IPUIPlugin
2025-03-21 07:34:32,003 [INFO] PluginManager:220 - loadIPPluginJar : add dfsdm
2025-03-21 07:34:32,015 [INFO] IPUIPlugin:80 - create IPUIPlugin
2025-03-21 07:34:32,017 [INFO] PluginManager:220 - loadIPPluginJar : add dma
2025-03-21 07:34:32,025 [INFO] IPUIPlugin:80 - create IPUIPlugin
2025-03-21 07:34:32,025 [INFO] PluginManager:220 - loadIPPluginJar : add dma3
2025-03-21 07:34:32,028 [INFO] IPUIPlugin:80 - create IPUIPlugin
2025-03-21 07:34:32,028 [INFO] PluginManager:220 - loadIPPluginJar : add extmemmanager
2025-03-21 07:34:32,031 [INFO] IPUIPlugin:80 - create IPUIPlugin
2025-03-21 07:34:32,031 [INFO] PluginManager:220 - loadIPPluginJar : add fatfs
2025-03-21 07:34:32,036 [INFO] IPUIPlugin:80 - create IPUIPlugin
2025-03-21 07:34:32,036 [INFO] PluginManager:220 - loadIPPluginJar : add fmc
2025-03-21 07:34:32,047 [INFO] IPUIPlugin:80 - create IPUIPlugin
2025-03-21 07:34:32,047 [INFO] PluginManager:220 - loadIPPluginJar : add freertos
2025-03-21 07:34:32,050 [INFO] IPUIPlugin:80 - create IPUIPlugin
2025-03-21 07:34:32,050 [INFO] PluginManager:220 - loadIPPluginJar : add genericplugin
2025-03-21 07:34:32,054 [INFO] IPUIPlugin:80 - create IPUIPlugin
2025-03-21 07:34:32,054 [INFO] PluginManager:220 - loadIPPluginJar : add gfxmmu
2025-03-21 07:34:32,060 [INFO] IPUIPlugin:80 - create IPUIPlugin
2025-03-21 07:34:32,060 [INFO] PluginManager:220 - loadIPPluginJar : add gic
2025-03-21 07:34:32,064 [INFO] IPUIPlugin:80 - create IPUIPlugin
2025-03-21 07:34:32,064 [INFO] PluginManager:220 - loadIPPluginJar : add gpio
2025-03-21 07:34:32,067 [INFO] IPUIPlugin:80 - create IPUIPlugin
2025-03-21 07:34:32,068 [INFO] PluginManager:220 - loadIPPluginJar : add gtzc
2025-03-21 07:34:32,070 [INFO] IPUIPlugin:80 - create IPUIPlugin
2025-03-21 07:34:32,071 [INFO] PluginManager:220 - loadIPPluginJar : add hash
2025-03-21 07:34:32,074 [INFO] IPUIPlugin:80 - create IPUIPlugin
2025-03-21 07:34:32,074 [INFO] PluginManager:220 - loadIPPluginJar : add i2c
2025-03-21 07:34:32,077 [INFO] IPUIPlugin:80 - create IPUIPlugin
2025-03-21 07:34:32,077 [INFO] PluginManager:220 - loadIPPluginJar : add i2s
2025-03-21 07:34:32,080 [INFO] IPUIPlugin:80 - create IPUIPlugin
2025-03-21 07:34:32,080 [INFO] PluginManager:220 - loadIPPluginJar : add i3c
2025-03-21 07:34:32,084 [INFO] IPUIPlugin:80 - create IPUIPlugin
2025-03-21 07:34:32,084 [INFO] PluginManager:220 - loadIPPluginJar : add ipddr
2025-03-21 07:34:32,092 [INFO] IPUIPlugin:80 - create IPUIPlugin
2025-03-21 07:34:32,093 [INFO] PluginManager:220 - loadIPPluginJar : add linkedlist
2025-03-21 07:34:32,099 [INFO] IPUIPlugin:80 - create IPUIPlugin
2025-03-21 07:34:32,099 [INFO] PluginManager:220 - loadIPPluginJar : add lorawan
2025-03-21 07:34:32,101 [INFO] IPUIPlugin:80 - create IPUIPlugin
2025-03-21 07:34:32,101 [INFO] PluginManager:220 - loadIPPluginJar : add ltdc
2025-03-21 07:34:32,107 [INFO] IPUIPlugin:80 - create IPUIPlugin
2025-03-21 07:34:32,107 [INFO] PluginManager:220 - loadIPPluginJar : add mdma
2025-03-21 07:34:32,110 [INFO] IPUIPlugin:80 - create IPUIPlugin
2025-03-21 07:34:32,112 [INFO] PluginManager:220 - loadIPPluginJar : add nvic
2025-03-21 07:34:32,115 [INFO] IPUIPlugin:80 - create IPUIPlugin
2025-03-21 07:34:32,115 [INFO] PluginManager:220 - loadIPPluginJar : add opamp
2025-03-21 07:34:32,119 [INFO] IPUIPlugin:80 - create IPUIPlugin
2025-03-21 07:34:32,119 [INFO] PluginManager:220 - loadIPPluginJar : add openamp
2025-03-21 07:34:32,123 [INFO] IPUIPlugin:80 - create IPUIPlugin
2025-03-21 07:34:32,123 [INFO] PluginManager:220 - loadIPPluginJar : add pdm2pcm
2025-03-21 07:34:32,130 [INFO] IPUIPlugin:80 - create IPUIPlugin
2025-03-21 07:34:32,133 [INFO] PluginManager:220 - loadIPPluginJar : add plateformsettings
2025-03-21 07:34:32,135 [INFO] IPUIPlugin:80 - create IPUIPlugin
2025-03-21 07:34:32,135 [INFO] PluginManager:220 - loadIPPluginJar : add quadspi
2025-03-21 07:34:32,138 [INFO] IPUIPlugin:80 - create IPUIPlugin
2025-03-21 07:34:32,140 [INFO] PluginManager:220 - loadIPPluginJar : add radio
2025-03-21 07:34:32,143 [INFO] IPUIPlugin:80 - create IPUIPlugin
2025-03-21 07:34:32,143 [INFO] PluginManager:220 - loadIPPluginJar : add resmgrutility
2025-03-21 07:34:32,147 [INFO] IPUIPlugin:80 - create IPUIPlugin
2025-03-21 07:34:32,147 [INFO] PluginManager:220 - loadIPPluginJar : add sai
2025-03-21 07:34:32,149 [INFO] IPUIPlugin:80 - create IPUIPlugin
2025-03-21 07:34:32,149 [INFO] PluginManager:220 - loadIPPluginJar : add spi
2025-03-21 07:34:32,156 [INFO] IPUIPlugin:80 - create IPUIPlugin
2025-03-21 07:34:32,156 [INFO] PluginManager:220 - loadIPPluginJar : add stm32_wpan
2025-03-21 07:34:32,159 [INFO] IPUIPlugin:80 - create IPUIPlugin
2025-03-21 07:34:32,159 [INFO] PluginManager:220 - loadIPPluginJar : add tim
2025-03-21 07:34:32,162 [INFO] IPUIPlugin:80 - create IPUIPlugin
2025-03-21 07:34:32,162 [INFO] PluginManager:220 - loadIPPluginJar : add touchsensing
2025-03-21 07:34:32,164 [INFO] IPUIPlugin:80 - create IPUIPlugin
2025-03-21 07:34:32,164 [INFO] PluginManager:220 - loadIPPluginJar : add tracer_emb
2025-03-21 07:34:32,168 [INFO] IPUIPlugin:80 - create IPUIPlugin
2025-03-21 07:34:32,168 [INFO] PluginManager:220 - loadIPPluginJar : add ts
2025-03-21 07:34:32,172 [INFO] IPUIPlugin:80 - create IPUIPlugin
2025-03-21 07:34:32,172 [INFO] PluginManager:220 - loadIPPluginJar : add tsc
2025-03-21 07:34:32,175 [INFO] IPUIPlugin:80 - create IPUIPlugin
2025-03-21 07:34:32,175 [INFO] PluginManager:220 - loadIPPluginJar : add ucpd
2025-03-21 07:34:32,177 [INFO] IPUIPlugin:80 - create IPUIPlugin
2025-03-21 07:34:32,178 [INFO] PluginManager:220 - loadIPPluginJar : add usart
2025-03-21 07:34:32,181 [INFO] IPUIPlugin:80 - create IPUIPlugin
2025-03-21 07:34:32,181 [INFO] PluginManager:220 - loadIPPluginJar : add usbx
2025-03-21 07:34:32,318 [FATAL] Updater:351 - Updater called before beeing initialized
2025-03-21 07:34:32,349 [INFO] RulesReader:64 - Compatibility file has been processed (297 Rules)
2025-03-21 07:34:32,361 [INFO] RulesReader:64 - Compatibility file has been processed (297 Rules)
2025-03-21 07:34:32,380 [INFO] CADModel:165 - CPN selected for project level
2025-03-21 07:34:32,380 [INFO] CADModel:114 - Register for checkConnection events
2025-03-21 07:34:32,380 [FATAL] Updater:351 - Updater called before beeing initialized
2025-03-21 07:34:32,381 [ERROR] CADModel:125 - Updater not yet initialized, retry later 
2025-03-21 07:34:32,575 [FATAL] Updater:351 - Updater called before beeing initialized
2025-03-21 07:34:32,577 [INFO] CADModel:165 - CPN selected for project level
2025-03-21 07:34:32,577 [INFO] CADModel:114 - Register for checkConnection events
2025-03-21 07:34:32,577 [FATAL] Updater:351 - Updater called before beeing initialized
2025-03-21 07:34:32,577 [ERROR] CADModel:125 - Updater not yet initialized, retry later 
2025-03-21 07:34:32,581 [FATAL] Updater:351 - Updater called before beeing initialized
2025-03-21 07:34:32,694 [FATAL] Updater:351 - Updater called before beeing initialized
2025-03-21 07:34:32,699 [INFO] DbMcusAds:53 - JSON generation date=Thu Mar 06 20:24:21 IST 2025 (1741272861825)
2025-03-21 07:34:32,699 [FATAL] Updater:351 - Updater called before beeing initialized
2025-03-21 07:34:32,742 [WARN] DetailPanel:346 - Failed to get advertising image, set to default
2025-03-21 07:34:33,012 [FATAL] Updater:351 - Updater called before beeing initialized
2025-03-21 07:34:33,015 [FATAL] Updater:351 - Updater called before beeing initialized
2025-03-21 07:34:33,015 [FATAL] Updater:351 - Updater called before beeing initialized
2025-03-21 07:34:33,016 [WARN] DetailPanel:346 - Failed to get advertising image, set to default
2025-03-21 07:34:33,017 [FATAL] Updater:351 - Updater called before beeing initialized
2025-03-21 07:34:33,072 [ERROR] Updater:1198 - MainUpdater not yet initialized. External WinMGr cannot be set.
2025-03-21 07:34:33,074 [INFO] Updater:1134 - Updater Version found : 6.13.0
2025-03-21 07:34:33,097 [INFO] ApplicationProperties:184 - Using Application install path: C:\ST\STM32CubeIDE_1.17.0\STM32CubeIDE\plugins\com.st.stm32cube.common.mx_6.13.0.202411220809
2025-03-21 07:34:34,344 [INFO] ThirdPartyUpdaterWithRetryManager:70 - Updater plugin not ready yet. [2/15]
2025-03-21 07:34:34,685 [ERROR] LogOutputStream:75 - [STDERR_REDIRECT] Mar 21, 2025 7:34:34 AM java.util.prefs.WindowsPreferences <init>
2025-03-21 07:34:34,686 [ERROR] LogOutputStream:75 - [STDERR_REDIRECT] WARNING: Could not open/create prefs root node Software\JavaSoft\Prefs at root 0xffffffff80000002. Windows RegCreateKeyEx(...) returned error code 5.
2025-03-21 07:34:34,687 [ERROR] LogOutputStream:75 - [STDERR_REDIRECT] 
2025-03-21 07:34:35,130 [INFO] MainUpdater:2872 - connection check result : 10
2025-03-21 07:34:35,131 [INFO] MainUpdater:289 - Updater Check For Update Now.
2025-03-21 07:34:35,131 [INFO] MicroXplorer:498 - Change Database Version : DB.6.0.130
2025-03-21 07:34:35,146 [INFO] McuFinderGlobals:63 - Set McuFinder mode to 2 (CubeIDE integrated)
2025-03-21 07:34:35,147 [INFO] UserAuth:171 - activating auth plugin
2025-03-21 07:34:35,152 [INFO] UserAuth:486 - Internet connection configuration mode: 1
2025-03-21 07:34:35,218 [INFO] JxBrowserEngine:152 - Initiate JxBrowser Engine with user profile folder
2025-03-21 07:34:35,351 [INFO] CheckServerUpdateThread:120 - End of CheckServer Thread
2025-03-21 07:34:36,175 [INFO] WebApp:168 - Instantiating new browser for Auth
2025-03-21 07:34:37,116 [INFO] WebApp:449 - Apply proxy settings
2025-03-21 07:34:37,116 [INFO] WebApp:534 - Chromium requires no authentication
2025-03-21 07:34:37,130 [INFO] WebApp:477 - Direct internet connection detected
2025-03-21 07:34:37,160 [INFO] WebApp:880 - Register for checkConnection events
2025-03-21 07:34:37,160 [INFO] WebApp:449 - Apply proxy settings
2025-03-21 07:34:37,160 [INFO] WebApp:534 - Chromium requires no authentication
2025-03-21 07:34:37,161 [INFO] WebApp:477 - Direct internet connection detected
2025-03-21 07:34:37,383 [INFO] WebApp:221 - Starting web application
2025-03-21 07:34:37,384 [INFO] WebApp:579 - Web application path used C:\ST\STM32CubeIDE_1.17.0\STM32CubeIDE\plugins\com.st.stm32cube.common.mx_6.13.0.202411220809\db\plugins\mcufinder\reactClient1\index.html
2025-03-21 07:34:37,575 [INFO] WebApp:187 - Connection restablished
2025-03-21 07:34:37,686 [WARN] PackLoader:240 - Cannot read IP mode file for STMicroelectronics.FP-SNS-MOTENVWB1.1.4.0
2025-03-21 07:34:37,698 [WARN] PackLoader:240 - Cannot read IP mode file for STMicroelectronics.FP-ATR-ASTRA1.2.0.2
2025-03-21 07:34:37,704 [WARN] PackLoader:240 - Cannot read IP mode file for STMicroelectronics.FP-ATR-ASTRA1.2.0.1
2025-03-21 07:34:37,714 [WARN] PackLoader:240 - Cannot read IP mode file for STMicroelectronics.X-CUBE-SMBUS.2.1.0
2025-03-21 07:34:37,724 [WARN] PackLoader:240 - Cannot read IP mode file for STMicroelectronics.X-CUBE-WB05N.1.1.0
2025-03-21 07:34:37,761 [WARN] PackLoader:240 - Cannot read IP mode file for STMicroelectronics.X-CUBE-AZRTOS-F7.1.1.0
2025-03-21 07:34:37,773 [WARN] PackLoader:240 - Cannot read IP mode file for STMicroelectronics.FP-SNS-FLIGHT1.5.0.2
2025-03-21 07:34:37,799 [WARN] PackLoader:240 - Cannot read IP mode file for Infineon.AIROC-Wi-Fi-Bluetooth-STM32.1.7.0
2025-03-21 07:34:37,817 [WARN] PackLoader:240 - Cannot read IP mode file for STMicroelectronics.X-CUBE-DISPLAY.3.0.0
2025-03-21 07:34:37,826 [WARN] PackLoader:240 - Cannot read IP mode file for STMicroelectronics.X-CUBE-BLE1.7.0.0
2025-03-21 07:34:37,833 [WARN] PackLoader:240 - Cannot read IP mode file for STMicroelectronics.X-CUBE-NFC10.1.0.0
2025-03-21 07:34:37,840 [WARN] PackLoader:240 - Cannot read IP mode file for emotas.I-CUBE-CANOPEN.1.3.0
2025-03-21 07:34:37,844 [WARN] ConditionMgr:438 - getConditionDescription Invalid condition id : Cortex-A Device cause : null
2025-03-21 07:34:37,861 [WARN] ConditionMgr:1044 - genDependencies : Invalid condition id : Cortex-A Device cause : null
2025-03-21 07:34:37,861 [WARN] ConditionMgr:1044 - genDependencies : Invalid condition id : Cortex-A Device cause : null
2025-03-21 07:34:37,862 [WARN] ConditionMgr:1044 - genDependencies : Invalid condition id : Cortex-A Device cause : null
2025-03-21 07:34:37,866 [WARN] PackLoader:240 - Cannot read IP mode file for STMicroelectronics.FP-SNS-SMARTAG2.1.2.0
2025-03-21 07:34:37,871 [WARN] PackLoader:240 - Cannot read IP mode file for STMicroelectronics.FP-SNS-FLIGHT1.5.1.0
2025-03-21 07:34:37,884 [INFO] LogOutputStream:77 - [STDOUT_REDIRECT] 1 : Invalid condition id : UX_CORESTACK_Condition cause : null
2025-03-21 07:34:37,885 [INFO] LogOutputStream:77 - [STDOUT_REDIRECT] 1 : Invalid condition id : UX_CORESTACK_Condition cause : null
2025-03-21 07:34:37,887 [INFO] LogOutputStream:77 - [STDOUT_REDIRECT] 1 : Invalid condition id : UX_CORESTACK_Condition cause : null
2025-03-21 07:34:37,890 [INFO] LogOutputStream:77 - [STDOUT_REDIRECT] 1 : Invalid condition id : UX_CORESTACK_Condition cause : null
2025-03-21 07:34:37,893 [INFO] LogOutputStream:77 - [STDOUT_REDIRECT] 1 : Invalid condition id : UX_CORESTACK_Condition cause : null
2025-03-21 07:34:37,897 [WARN] PackLoader:240 - Cannot read IP mode file for STMicroelectronics.X-CUBE-AZRTOS-WL.2.0.0
2025-03-21 07:34:37,903 [WARN] PackLoader:240 - Cannot read IP mode file for STMicroelectronics.FP-SNS-MOTENV1.5.0.0
2025-03-21 07:34:37,913 [WARN] PackLoader:240 - Cannot read IP mode file for WES.I-CUBE-Cesium.1.3.0
2025-03-21 07:34:37,918 [WARN] PackLoader:240 - Cannot read IP mode file for STMicroelectronics.X-CUBE-BLE2.3.3.0
2025-03-21 07:34:37,923 [WARN] PackLoader:240 - Cannot read IP mode file for STMicroelectronics.X-CUBE-NFC9.1.0.0
2025-03-21 07:34:37,930 [WARN] PackLoader:240 - Cannot read IP mode file for STMicroelectronics.X-CUBE-BLE1.7.1.0
2025-03-21 07:34:37,935 [WARN] PackLoader:240 - Cannot read IP mode file for wolfSSL.I-CUBE-wolfMQTT.1.19.2
2025-03-21 07:34:37,950 [WARN] PackLoader:240 - Cannot read IP mode file for STMicroelectronics.X-CUBE-AZRTOS-G0.1.1.0
2025-03-21 07:34:37,958 [WARN] PackLoader:240 - Cannot read IP mode file for STMicroelectronics.X-CUBE-SAFEA1.1.2.2
2025-03-21 07:34:37,965 [WARN] PackLoader:240 - Cannot read IP mode file for STMicroelectronics.X-CUBE-NFC4.3.0.0
2025-03-21 07:34:37,974 [WARN] PackLoader:240 - Cannot read IP mode file for EmbeddedOffice.I-CUBE-FS-RTOS.1.0.1
2025-03-21 07:34:37,979 [WARN] PackLoader:240 - Cannot read IP mode file for wolfSSL.I-CUBE-wolfTPM.3.8.0
2025-03-21 07:34:37,987 [WARN] PackLoader:240 - Cannot read IP mode file for RealThread.X-CUBE-RT-Thread_Nano.4.1.1
2025-03-21 07:34:37,991 [WARN] PackLoader:240 - Cannot read IP mode file for STMicroelectronics.FP-ATR-SIGFOX1.3.2.0
2025-03-21 07:34:37,997 [WARN] PackLoader:240 - Cannot read IP mode file for STMicroelectronics.X-CUBE-EEPRMA1.5.1.0
2025-03-21 07:34:38,002 [WARN] PackLoader:240 - Cannot read IP mode file for wolfSSL.I-CUBE-wolfSSL.5.7.6
2025-03-21 07:34:38,007 [WARN] PackLoader:240 - Cannot read IP mode file for ITTIA_DB.I-CUBE-ITTIADB.8.9.0
2025-03-21 07:34:38,030 [WARN] PackLoader:240 - Cannot read IP mode file for SEGGER.I-CUBE-embOS.1.3.1
2025-03-21 07:34:38,122 [WARN] PackLoader:240 - Cannot read IP mode file for STMicroelectronics.X-CUBE-ALGOBUILD.1.4.0
2025-03-21 07:34:38,138 [WARN] PackLoader:240 - Cannot read IP mode file for STMicroelectronics.X-CUBE-AZRTOS-F4.1.1.0
2025-03-21 07:34:38,146 [WARN] PackLoader:240 - Cannot read IP mode file for STMicroelectronics.X-CUBE-ISPU.2.1.0
2025-03-21 07:34:38,160 [WARN] PackLoader:240 - Cannot read IP mode file for STMicroelectronics.X-CUBE-AZRTOS-L5.2.0.0
2025-03-21 07:34:38,171 [WARN] PackLoader:240 - Cannot read IP mode file for STMicroelectronics.X-CUBE-NFC6.3.1.0
2025-03-21 07:34:38,177 [WARN] PackLoader:240 - Cannot read IP mode file for STMicroelectronics.X-CUBE-DPower.1.2.0
2025-03-21 07:34:38,183 [WARN] PackLoader:240 - Cannot read IP mode file for STMicroelectronics.X-CUBE-NFC7.1.0.1
2025-03-21 07:34:38,197 [WARN] ConditionMgr:438 - getConditionDescription Invalid condition id : LAN8742 Phy interface Condition cause : null
2025-03-21 07:34:38,198 [WARN] PackLoader:240 - Cannot read IP mode file for STMicroelectronics.X-CUBE-AZRTOS-L4.2.0.0
2025-03-21 07:34:38,199 [WARN] ConditionMgr:1044 - genDependencies : Invalid condition id : LAN8742 Phy interface Condition cause : null
2025-03-21 07:34:38,199 [WARN] ConditionMgr:1044 - genDependencies : Invalid condition id : LAN8742 Phy interface Condition cause : null
2025-03-21 07:34:38,199 [WARN] ConditionMgr:1044 - genDependencies : Invalid condition id : LAN8742 Phy interface Condition cause : null
2025-03-21 07:34:38,207 [WARN] PackLoader:240 - Cannot read IP mode file for STMicroelectronics.X-CUBE-SFXS2LP1.4.0.0
2025-03-21 07:34:38,225 [WARN] PackLoader:240 - Cannot read IP mode file for STMicroelectronics.X-CUBE-AZRTOS-H7.3.3.0
2025-03-21 07:34:38,236 [WARN] ConditionMgr:438 - getConditionDescription Invalid condition id : UX DEVICE CLASS RTOS Condition cause : null
2025-03-21 07:34:38,237 [WARN] ConditionMgr:438 - getConditionDescription Invalid condition id : UX DEVICE CLASS RTOS Condition cause : null
2025-03-21 07:34:38,238 [WARN] PackLoader:240 - Cannot read IP mode file for STMicroelectronics.X-CUBE-AZRTOS-WB.2.0.0
2025-03-21 07:34:38,239 [WARN] ConditionMgr:1044 - genDependencies : Invalid condition id : UX DEVICE CLASS RTOS Condition cause : null
2025-03-21 07:34:38,239 [WARN] ConditionMgr:1044 - genDependencies : Invalid condition id : UX DEVICE CLASS RTOS Condition cause : null
2025-03-21 07:34:38,239 [WARN] ConditionMgr:1044 - genDependencies : Invalid condition id : UX DEVICE CLASS RTOS Condition cause : null
2025-03-21 07:34:38,239 [WARN] ConditionMgr:1044 - genDependencies : Invalid condition id : UX DEVICE CLASS RTOS Condition cause : null
2025-03-21 07:34:38,239 [WARN] ConditionMgr:1044 - genDependencies : Invalid condition id : UX DEVICE CLASS RTOS Condition cause : null
2025-03-21 07:34:38,248 [WARN] PackLoader:240 - Cannot read IP mode file for STMicroelectronics.X-CUBE-TOUCHGFX.4.25.0
2025-03-21 07:34:38,253 [WARN] PackLoader:240 - Cannot read IP mode file for STMicroelectronics.FP-SNS-STBOX1.2.0.0
2025-03-21 07:34:38,265 [WARN] PackLoader:240 - Cannot read IP mode file for STMicroelectronics.X-CUBE-SUBG2.5.0.0
2025-03-21 07:34:38,282 [WARN] PackLoader:240 - Cannot read IP mode file for STMicroelectronics.X-CUBE-AZRTOS-H7RS.1.1.0
2025-03-21 07:34:38,287 [WARN] PackLoader:240 - Cannot read IP mode file for Cesanta.I-CUBE-Mongoose.7.13.0
2025-03-21 07:34:38,302 [WARN] PackLoader:240 - Cannot read IP mode file for STMicroelectronics.X-CUBE-AZRTOS-G4.2.0.0
2025-03-21 07:34:38,308 [WARN] PackLoader:240 - Cannot read IP mode file for wolfSSL.I-CUBE-wolfSSH.1.4.20
2025-03-21 07:34:38,314 [WARN] PackLoader:240 - Cannot read IP mode file for STMicroelectronics.X-CUBE-ALS.1.0.2
2025-03-21 07:34:38,318 [WARN] PackLoader:240 - Cannot read IP mode file for STMicroelectronics.X-CUBE-TOUCHGFX.4.24.2
2025-03-21 07:34:38,325 [WARN] PackLoader:240 - Cannot read IP mode file for portGmbH.I-Cube-SoM-uGOAL.1.1.0
2025-03-21 07:34:38,338 [WARN] PackLoader:240 - Cannot read IP mode file for STMicroelectronics.X-CUBE-TOF1.3.4.2
2025-03-21 07:34:38,349 [INFO] ThirdParty:978 - Integrity check success = true
2025-03-21 07:34:38,349 [INFO] IntegrityCheckThread:100 - exiting critical section [integrity check]
2025-03-21 07:34:38,349 [INFO] IntegrityCheckThread:103 - End integrity checks thread
2025-03-21 07:44:03,658 [INFO] WebApp:190 - Connection lost
2025-03-21 07:44:04,109 [INFO] WebApp:187 - Connection restablished
2025-03-21 07:44:06,070 [INFO] WebApp:190 - Connection lost
2025-03-21 07:44:06,300 [INFO] WebApp:187 - Connection restablished
2025-03-21 08:14:54,518 [ERROR] LogOutputStream:75 - [STDERR_REDIRECT] 
